<?xml version="1.0" encoding="UTF-8"?>
<!-- Generated by org.testng.reporters.JUnitXMLReporter -->
<testsuite ignored="0" hostname="DESKTOP-V3A3URT" failures="2" tests="5" name="Surefire test" time="34.985" errors="0" timestamp="2026-07-06T19:31:23 IST">
  <testcase classname="tests.TotalEarningsTests" name="verifyClicksTabScrolls" time="3.522"/>
  <testcase classname="tests.TotalEarningsTests" name="verifyPendingTabScrollsAndMatchesHeader" time="3.111">
    <failure type="com.microsoft.playwright.PlaywrightException" message="Error {
  message=&amp;apos;TypeError: document.querySelectorAll(...).filter is not a function
    at eval (eval at evaluate (:302:30), &amp;lt;anonymous&amp;gt;:1:133)
    at eval (eval at evaluate (:302:30), &amp;lt;anonymous&amp;gt;:1:779)
    at eval (&amp;lt;anonymous&amp;gt;)
    at UtilityScript.evaluate (&amp;lt;anonymous&amp;gt;:302:30)
    at UtilityScript.&amp;lt;anonymous&amp;gt; (&amp;lt;anonymous&amp;gt;:1:44)
  name=&amp;apos;Error
  stack=&amp;apos;Error: TypeError: document.querySelectorAll(...).filter is not a function
    at eval (eval at evaluate (:302:30), &amp;lt;anonymous&amp;gt;:1:133)
    at eval (eval at evaluate (:302:30), &amp;lt;anonymous&amp;gt;:1:779)
    at eval (&amp;lt;anonymous&amp;gt;)
    at UtilityScript.evaluate (&amp;lt;anonymous&amp;gt;:302:30)
    at UtilityScript.&amp;lt;anonymous&amp;gt; (&amp;lt;anonymous&amp;gt;:1:44)
    at CRExecutionContext.evaluateWithArguments (C:\Users\DELL\AppData\Local\Temp\playwright-java-110342805030119546\package\lib\server\chromium\crExecutionContext.js:80:13)
    at async LongStandingScope._race (C:\Users\DELL\AppData\Local\Temp\playwright-java-110342805030119546\package\lib\utils\isomorphic\manualPromise.js:94:14)
    at async Object.evaluateExpression (C:\Users\DELL\AppData\Local\Temp\playwright-java-110342805030119546\package\lib\server\javascript.js:217:12)
    at async Frame.evaluateExpression (C:\Users\DELL\AppData\Local\Temp\playwright-java-110342805030119546\package\lib\server\frames.js:598:19)
    at async FrameDispatcher.evaluateExpression (C:\Users\DELL\AppData\Local\Temp\playwright-java-110342805030119546\package\lib\server\dispatchers\frameDispatcher.js:76:68)
    at async ProgressController.run (C:\Users\DELL\AppData\Local\Temp\playwright-java-110342805030119546\package\lib\server\progress.js:104:22)
    at async FrameDispatcher._runCommand (C:\Users\DELL\AppData\Local\Temp\playwright-java-110342805030119546\package\lib\server\dispatchers\dispatcher.js:91:14)
    at async DispatcherConnection.dispatch (C:\Users\DELL\AppData\Local\Temp\playwright-java-110342805030119546\package\lib\server\dispatchers\dispatcher.js:325:22)
}">
      <![CDATA[com.microsoft.playwright.PlaywrightException: Error {
  message='TypeError: document.querySelectorAll(...).filter is not a function
    at eval (eval at evaluate (:302:30), <anonymous>:1:133)
    at eval (eval at evaluate (:302:30), <anonymous>:1:779)
    at eval (<anonymous>)
    at UtilityScript.evaluate (<anonymous>:302:30)
    at UtilityScript.<anonymous> (<anonymous>:1:44)
  name='Error
  stack='Error: TypeError: document.querySelectorAll(...).filter is not a function
    at eval (eval at evaluate (:302:30), <anonymous>:1:133)
    at eval (eval at evaluate (:302:30), <anonymous>:1:779)
    at eval (<anonymous>)
    at UtilityScript.evaluate (<anonymous>:302:30)
    at UtilityScript.<anonymous> (<anonymous>:1:44)
    at CRExecutionContext.evaluateWithArguments (C:\Users\DELL\AppData\Local\Temp\playwright-java-110342805030119546\package\lib\server\chromium\crExecutionContext.js:80:13)
    at async LongStandingScope._race (C:\Users\DELL\AppData\Local\Temp\playwright-java-110342805030119546\package\lib\utils\isomorphic\manualPromise.js:94:14)
    at async Object.evaluateExpression (C:\Users\DELL\AppData\Local\Temp\playwright-java-110342805030119546\package\lib\server\javascript.js:217:12)
    at async Frame.evaluateExpression (C:\Users\DELL\AppData\Local\Temp\playwright-java-110342805030119546\package\lib\server\frames.js:598:19)
    at async FrameDispatcher.evaluateExpression (C:\Users\DELL\AppData\Local\Temp\playwright-java-110342805030119546\package\lib\server\dispatchers\frameDispatcher.js:76:68)
    at async ProgressController.run (C:\Users\DELL\AppData\Local\Temp\playwright-java-110342805030119546\package\lib\server\progress.js:104:22)
    at async FrameDispatcher._runCommand (C:\Users\DELL\AppData\Local\Temp\playwright-java-110342805030119546\package\lib\server\dispatchers\dispatcher.js:91:14)
    at async DispatcherConnection.dispatch (C:\Users\DELL\AppData\Local\Temp\playwright-java-110342805030119546\package\lib\server\dispatchers\dispatcher.js:325:22)
}
at com.microsoft.playwright.impl.WaitableResult.get(WaitableResult.java:56)
at com.microsoft.playwright.impl.ChannelOwner.runUntil(ChannelOwner.java:138)
at com.microsoft.playwright.impl.Connection.sendMessage(Connection.java:131)
at com.microsoft.playwright.impl.ChannelOwner.sendMessage(ChannelOwner.java:124)
at com.microsoft.playwright.impl.FrameImpl.evaluate(FrameImpl.java:287)
at com.microsoft.playwright.impl.PageImpl.evaluate(PageImpl.java:747)
at com.microsoft.playwright.Page.evaluate(Page.java:4512)
at pages.TotalEarningsPage.getVisibleCashbackValues(TotalEarningsPage.java:88)
at tests.TotalEarningsTests.verifyPendingTabScrollsAndMatchesHeader(TotalEarningsTests.java:37)
at java.base/java.util.ArrayList.forEach(ArrayList.java:1511)
Caused by: com.microsoft.playwright.impl.DriverException: Error {
  message='TypeError: document.querySelectorAll(...).filter is not a function
    at eval (eval at evaluate (:302:30), <anonymous>:1:133)
    at eval (eval at evaluate (:302:30), <anonymous>:1:779)
    at eval (<anonymous>)
    at UtilityScript.evaluate (<anonymous>:302:30)
    at UtilityScript.<anonymous> (<anonymous>:1:44)
  name='Error
  stack='Error: TypeError: document.querySelectorAll(...).filter is not a function
    at eval (eval at evaluate (:302:30), <anonymous>:1:133)
    at eval (eval at evaluate (:302:30), <anonymous>:1:779)
    at eval (<anonymous>)
    at UtilityScript.evaluate (<anonymous>:302:30)
    at UtilityScript.<anonymous> (<anonymous>:1:44)
    at CRExecutionContext.evaluateWithArguments (C:\Users\DELL\AppData\Local\Temp\playwright-java-110342805030119546\package\lib\server\chromium\crExecutionContext.js:80:13)
    at async LongStandingScope._race (C:\Users\DELL\AppData\Local\Temp\playwright-java-110342805030119546\package\lib\utils\isomorphic\manualPromise.js:94:14)
    at async Object.evaluateExpression (C:\Users\DELL\AppData\Local\Temp\playwright-java-110342805030119546\package\lib\server\javascript.js:217:12)
    at async Frame.evaluateExpression (C:\Users\DELL\AppData\Local\Temp\playwright-java-110342805030119546\package\lib\server\frames.js:598:19)
    at async FrameDispatcher.evaluateExpression (C:\Users\DELL\AppData\Local\Temp\playwright-java-110342805030119546\package\lib\server\dispatchers\frameDispatcher.js:76:68)
    at async ProgressController.run (C:\Users\DELL\AppData\Local\Temp\playwright-java-110342805030119546\package\lib\server\progress.js:104:22)
    at async FrameDispatcher._runCommand (C:\Users\DELL\AppData\Local\Temp\playwright-java-110342805030119546\package\lib\server\dispatchers\dispatcher.js:91:14)
    at async DispatcherConnection.dispatch (C:\Users\DELL\AppData\Local\Temp\playwright-java-110342805030119546\package\lib\server\dispatchers\dispatcher.js:325:22)
}
at com.microsoft.playwright.impl.Connection.dispatch(Connection.java:262)
at com.microsoft.playwright.impl.Connection.processOneMessage(Connection.java:214)
at com.microsoft.playwright.impl.ChannelOwner.runUntil(ChannelOwner.java:136)
... 40 more
... Removed 32 stack frames]]>
    </failure>
  </testcase> <!-- verifyPendingTabScrollsAndMatchesHeader -->
  <testcase classname="tests.TotalEarningsTests" name="verifyConfirmedTabScrollsAndMatchesHeader" time="3.063">
    <failure type="com.microsoft.playwright.PlaywrightException" message="Error {
  message=&amp;apos;TypeError: document.querySelectorAll(...).filter is not a function
    at eval (eval at evaluate (:302:30), &amp;lt;anonymous&amp;gt;:1:135)
    at eval (eval at evaluate (:302:30), &amp;lt;anonymous&amp;gt;:1:781)
    at eval (&amp;lt;anonymous&amp;gt;)
    at UtilityScript.evaluate (&amp;lt;anonymous&amp;gt;:302:30)
    at UtilityScript.&amp;lt;anonymous&amp;gt; (&amp;lt;anonymous&amp;gt;:1:44)
  name=&amp;apos;Error
  stack=&amp;apos;Error: TypeError: document.querySelectorAll(...).filter is not a function
    at eval (eval at evaluate (:302:30), &amp;lt;anonymous&amp;gt;:1:135)
    at eval (eval at evaluate (:302:30), &amp;lt;anonymous&amp;gt;:1:781)
    at eval (&amp;lt;anonymous&amp;gt;)
    at UtilityScript.evaluate (&amp;lt;anonymous&amp;gt;:302:30)
    at UtilityScript.&amp;lt;anonymous&amp;gt; (&amp;lt;anonymous&amp;gt;:1:44)
    at CRExecutionContext.evaluateWithArguments (C:\Users\DELL\AppData\Local\Temp\playwright-java-110342805030119546\package\lib\server\chromium\crExecutionContext.js:80:13)
    at async LongStandingScope._race (C:\Users\DELL\AppData\Local\Temp\playwright-java-110342805030119546\package\lib\utils\isomorphic\manualPromise.js:94:14)
    at async Object.evaluateExpression (C:\Users\DELL\AppData\Local\Temp\playwright-java-110342805030119546\package\lib\server\javascript.js:217:12)
    at async Frame.evaluateExpression (C:\Users\DELL\AppData\Local\Temp\playwright-java-110342805030119546\package\lib\server\frames.js:598:19)
    at async FrameDispatcher.evaluateExpression (C:\Users\DELL\AppData\Local\Temp\playwright-java-110342805030119546\package\lib\server\dispatchers\frameDispatcher.js:76:68)
    at async ProgressController.run (C:\Users\DELL\AppData\Local\Temp\playwright-java-110342805030119546\package\lib\server\progress.js:104:22)
    at async FrameDispatcher._runCommand (C:\Users\DELL\AppData\Local\Temp\playwright-java-110342805030119546\package\lib\server\dispatchers\dispatcher.js:91:14)
    at async DispatcherConnection.dispatch (C:\Users\DELL\AppData\Local\Temp\playwright-java-110342805030119546\package\lib\server\dispatchers\dispatcher.js:325:22)
}">
      <![CDATA[com.microsoft.playwright.PlaywrightException: Error {
  message='TypeError: document.querySelectorAll(...).filter is not a function
    at eval (eval at evaluate (:302:30), <anonymous>:1:135)
    at eval (eval at evaluate (:302:30), <anonymous>:1:781)
    at eval (<anonymous>)
    at UtilityScript.evaluate (<anonymous>:302:30)
    at UtilityScript.<anonymous> (<anonymous>:1:44)
  name='Error
  stack='Error: TypeError: document.querySelectorAll(...).filter is not a function
    at eval (eval at evaluate (:302:30), <anonymous>:1:135)
    at eval (eval at evaluate (:302:30), <anonymous>:1:781)
    at eval (<anonymous>)
    at UtilityScript.evaluate (<anonymous>:302:30)
    at UtilityScript.<anonymous> (<anonymous>:1:44)
    at CRExecutionContext.evaluateWithArguments (C:\Users\DELL\AppData\Local\Temp\playwright-java-110342805030119546\package\lib\server\chromium\crExecutionContext.js:80:13)
    at async LongStandingScope._race (C:\Users\DELL\AppData\Local\Temp\playwright-java-110342805030119546\package\lib\utils\isomorphic\manualPromise.js:94:14)
    at async Object.evaluateExpression (C:\Users\DELL\AppData\Local\Temp\playwright-java-110342805030119546\package\lib\server\javascript.js:217:12)
    at async Frame.evaluateExpression (C:\Users\DELL\AppData\Local\Temp\playwright-java-110342805030119546\package\lib\server\frames.js:598:19)
    at async FrameDispatcher.evaluateExpression (C:\Users\DELL\AppData\Local\Temp\playwright-java-110342805030119546\package\lib\server\dispatchers\frameDispatcher.js:76:68)
    at async ProgressController.run (C:\Users\DELL\AppData\Local\Temp\playwright-java-110342805030119546\package\lib\server\progress.js:104:22)
    at async FrameDispatcher._runCommand (C:\Users\DELL\AppData\Local\Temp\playwright-java-110342805030119546\package\lib\server\dispatchers\dispatcher.js:91:14)
    at async DispatcherConnection.dispatch (C:\Users\DELL\AppData\Local\Temp\playwright-java-110342805030119546\package\lib\server\dispatchers\dispatcher.js:325:22)
}
at com.microsoft.playwright.impl.WaitableResult.get(WaitableResult.java:56)
at com.microsoft.playwright.impl.ChannelOwner.runUntil(ChannelOwner.java:138)
at com.microsoft.playwright.impl.Connection.sendMessage(Connection.java:131)
at com.microsoft.playwright.impl.ChannelOwner.sendMessage(ChannelOwner.java:124)
at com.microsoft.playwright.impl.FrameImpl.evaluate(FrameImpl.java:287)
at com.microsoft.playwright.impl.PageImpl.evaluate(PageImpl.java:747)
at com.microsoft.playwright.Page.evaluate(Page.java:4512)
at pages.TotalEarningsPage.getVisibleCashbackValues(TotalEarningsPage.java:88)
at tests.TotalEarningsTests.verifyConfirmedTabScrollsAndMatchesHeader(TotalEarningsTests.java:59)
at java.base/java.util.ArrayList.forEach(ArrayList.java:1511)
Caused by: com.microsoft.playwright.impl.DriverException: Error {
  message='TypeError: document.querySelectorAll(...).filter is not a function
    at eval (eval at evaluate (:302:30), <anonymous>:1:135)
    at eval (eval at evaluate (:302:30), <anonymous>:1:781)
    at eval (<anonymous>)
    at UtilityScript.evaluate (<anonymous>:302:30)
    at UtilityScript.<anonymous> (<anonymous>:1:44)
  name='Error
  stack='Error: TypeError: document.querySelectorAll(...).filter is not a function
    at eval (eval at evaluate (:302:30), <anonymous>:1:135)
    at eval (eval at evaluate (:302:30), <anonymous>:1:781)
    at eval (<anonymous>)
    at UtilityScript.evaluate (<anonymous>:302:30)
    at UtilityScript.<anonymous> (<anonymous>:1:44)
    at CRExecutionContext.evaluateWithArguments (C:\Users\DELL\AppData\Local\Temp\playwright-java-110342805030119546\package\lib\server\chromium\crExecutionContext.js:80:13)
    at async LongStandingScope._race (C:\Users\DELL\AppData\Local\Temp\playwright-java-110342805030119546\package\lib\utils\isomorphic\manualPromise.js:94:14)
    at async Object.evaluateExpression (C:\Users\DELL\AppData\Local\Temp\playwright-java-110342805030119546\package\lib\server\javascript.js:217:12)
    at async Frame.evaluateExpression (C:\Users\DELL\AppData\Local\Temp\playwright-java-110342805030119546\package\lib\server\frames.js:598:19)
    at async FrameDispatcher.evaluateExpression (C:\Users\DELL\AppData\Local\Temp\playwright-java-110342805030119546\package\lib\server\dispatchers\frameDispatcher.js:76:68)
    at async ProgressController.run (C:\Users\DELL\AppData\Local\Temp\playwright-java-110342805030119546\package\lib\server\progress.js:104:22)
    at async FrameDispatcher._runCommand (C:\Users\DELL\AppData\Local\Temp\playwright-java-110342805030119546\package\lib\server\dispatchers\dispatcher.js:91:14)
    at async DispatcherConnection.dispatch (C:\Users\DELL\AppData\Local\Temp\playwright-java-110342805030119546\package\lib\server\dispatchers\dispatcher.js:325:22)
}
at com.microsoft.playwright.impl.Connection.dispatch(Connection.java:262)
at com.microsoft.playwright.impl.Connection.processOneMessage(Connection.java:214)
at com.microsoft.playwright.impl.ChannelOwner.runUntil(ChannelOwner.java:136)
... 40 more
... Removed 32 stack frames]]>
    </failure>
  </testcase> <!-- verifyConfirmedTabScrollsAndMatchesHeader -->
  <testcase classname="tests.TotalEarningsTests" name="verifyDeclinedTabScrolls" time="3.877"/>
  <testcase classname="tests.TotalEarningsTests" name="verifyTotalEarningsHeaderFormula" time="1.157"/>
</testsuite> <!-- Surefire test -->
