<?xml version="1.0" encoding="UTF-8"?>
<!-- Generated by org.testng.reporters.JUnitXMLReporter -->
<testsuite ignored="0" hostname="DESKTOP-V3A3URT" failures="0" tests="17" name="Test" time="222.553" errors="0" timestamp="2026-07-13T16:27:23 IST">
  <testcase classname="tests.AllCategoriesTest" name="clickonsearchresult__006" time="6.84"/>
  <testcase classname="tests.AllCategoriesTest" name="verifyAZFilterTest_003" time="29.777"/>
  <testcase classname="tests.AllCategoriesTest" name="verifyActivateCashbackReflectsInClicksTest_005" time="8.117"/>
  <testcase classname="tests.AllCategoriesTest" name="verifyCashbackFilterTest_004" time="3.349"/>
  <testcase classname="tests.AllCategoriesTest" name="verifyRandomCampaignSearchTest_001" time="5.261"/>
  <testcase classname="tests.AllCategoriesTest" name="verifyRandomInvalidCampaignSearchTest_002" time="1.524"/>
  <testcase classname="tests.HomePageTests" name="IterateCategoriesAndCheckCampaignsTest_002" time="19.242"/>
  <testcase classname="tests.HomePageTests" name="OpenHomePageTest_001" time="0.01"/>
  <testcase classname="tests.HomePageTests" name="VerifyCategoriesMenuTest_005" time="3.322"/>
  <testcase classname="tests.HomePageTests" name="VerifyCategoryFiltersTest_003" time="53.516"/>
  <testcase classname="tests.HomePageTests" name="VerifyCountryFilterCampaignsTest_004" time="8.891"/>
  <testcase classname="tests.TotalEarningsTests" name="validateClicksTab" time="2.247"/>
  <testcase classname="tests.TotalEarningsTests" name="validateConfirmedCashbackAmount" time="3.326"/>
  <testcase classname="tests.TotalEarningsTests" name="validatePendingCashbackAmount" time="3.253"/>
  <testcase classname="tests.TotalEarningsTests" name="validateRedeemRedirectBasedOnMyEarnings" time="1.213"/>
  <testcase classname="tests.TotalEarningsTests" name="validate_TotalEarnings" time="0.008"/>
  <testcase classname="tests.TotalEarningsTests" name="validateDeclinedCashbackHistory" time="3.092"/>
</testsuite> <!-- Test -->
