<?xml version="1.0" encoding="UTF-8"?>
<!-- Generated by org.testng.reporters.JUnitXMLReporter -->
<testsuite ignored="0" hostname="DESKTOP-V3A3URT" failures="0" tests="17" name="Test" time="201.461" errors="0" timestamp="2026-07-07T14:24:02 IST">
  <testcase classname="tests.AllCategoriesTest" name="clickonsearchresult__006" time="6.482"/>
  <testcase classname="tests.AllCategoriesTest" name="verifyAZFilterTest_003" time="28.678"/>
  <testcase classname="tests.AllCategoriesTest" name="verifyActivateCashbackReflectsInClicksTest_005" time="7.328"/>
  <testcase classname="tests.AllCategoriesTest" name="verifyCashbackFilterTest_004" time="2.906"/>
  <testcase classname="tests.AllCategoriesTest" name="verifyRandomCampaignSearchTest_001" time="5.006"/>
  <testcase classname="tests.AllCategoriesTest" name="verifyRandomInvalidCampaignSearchTest_002" time="1.3"/>
  <testcase classname="tests.HomePageTests" name="IterateCategoriesAndCheckCampaignsTest_002" time="18.221"/>
  <testcase classname="tests.HomePageTests" name="OpenHomePageTest_001" time="0.005"/>
  <testcase classname="tests.HomePageTests" name="VerifyCategoriesMenuTest_005" time="3.251"/>
  <testcase classname="tests.HomePageTests" name="VerifyCategoryFiltersTest_003" time="51.837"/>
  <testcase classname="tests.HomePageTests" name="VerifyCountryFilterCampaignsTest_004" time="7.341"/>
  <testcase classname="tests.TotalEarningsTests" name="validateClicksTab" time="2.217"/>
  <testcase classname="tests.TotalEarningsTests" name="validateConfirmedCashbackAmount" time="2.143"/>
  <testcase classname="tests.TotalEarningsTests" name="validatePendingCashbackAmount" time="2.091"/>
  <testcase classname="tests.TotalEarningsTests" name="validateRedeemRedirectBasedOnMyEarnings" time="1.145"/>
  <testcase classname="tests.TotalEarningsTests" name="validate_TotalEarnings" time="0.009"/>
  <testcase classname="tests.TotalEarningsTests" name="validateDeclinedCashbackHistory" time="3.1"/>
</testsuite> <!-- Test -->
