<?xml version="1.0" encoding="UTF-8"?>
<testng-results ignored="0" total="17" passed="17" failed="0" skipped="0">
  <reporter-output>
  </reporter-output>
  <suite started-at="2026-07-13T16:23:40 IST" name="Suite" finished-at="2026-07-13T16:27:23 IST" duration-ms="222553">
    <groups>
    </groups>
    <test started-at="2026-07-13T16:23:40 IST" name="Test" finished-at="2026-07-13T16:27:23 IST" duration-ms="222553">
      <class name="tests.TotalEarningsTests">
        <test-method is-config="true" signature="setUp()[pri:0, instance:tests.TotalEarningsTests@1d25c1c]" started-at="2026-07-13T16:26:52 IST" name="setUp" finished-at="2026-07-13T16:26:54 IST" duration-ms="1719" status="PASS">
          <reporter-output>
          </reporter-output>
        </test-method> <!-- setUp -->
        <test-method is-config="true" signature="openCashback()[pri:0, instance:tests.TotalEarningsTests@1d25c1c]" started-at="2026-07-13T16:26:54 IST" name="openCashback" finished-at="2026-07-13T16:26:55 IST" duration-ms="1525" status="PASS">
          <reporter-output>
          </reporter-output>
        </test-method> <!-- openCashback -->
        <test-method is-config="true" signature="initializeTotalearningsPageObject()[pri:0, instance:tests.TotalEarningsTests@1d25c1c]" started-at="2026-07-13T16:26:55 IST" name="initializeTotalearningsPageObject" finished-at="2026-07-13T16:26:57 IST" duration-ms="1449" status="PASS">
          <reporter-output>
          </reporter-output>
        </test-method> <!-- initializeTotalearningsPageObject -->
        <test-method signature="validateClicksTab()[pri:0, instance:tests.TotalEarningsTests@1d25c1c]" started-at="2026-07-13T16:26:57 IST" name="validateClicksTab" finished-at="2026-07-13T16:26:59 IST" duration-ms="2247" status="PASS">
          <reporter-output>
          </reporter-output>
        </test-method> <!-- validateClicksTab -->
        <test-method is-config="true" signature="openCashback()[pri:0, instance:tests.TotalEarningsTests@1d25c1c]" started-at="2026-07-13T16:26:59 IST" name="openCashback" finished-at="2026-07-13T16:27:00 IST" duration-ms="1182" status="PASS">
          <reporter-output>
          </reporter-output>
        </test-method> <!-- openCashback -->
        <test-method is-config="true" signature="initializeTotalearningsPageObject()[pri:0, instance:tests.TotalEarningsTests@1d25c1c]" started-at="2026-07-13T16:27:00 IST" name="initializeTotalearningsPageObject" finished-at="2026-07-13T16:27:01 IST" duration-ms="1170" status="PASS">
          <reporter-output>
          </reporter-output>
        </test-method> <!-- initializeTotalearningsPageObject -->
        <test-method signature="validateConfirmedCashbackAmount()[pri:0, instance:tests.TotalEarningsTests@1d25c1c]" started-at="2026-07-13T16:27:01 IST" name="validateConfirmedCashbackAmount" finished-at="2026-07-13T16:27:05 IST" duration-ms="3326" status="PASS">
          <reporter-output>
          </reporter-output>
        </test-method> <!-- validateConfirmedCashbackAmount -->
        <test-method is-config="true" signature="openCashback()[pri:0, instance:tests.TotalEarningsTests@1d25c1c]" started-at="2026-07-13T16:27:05 IST" name="openCashback" finished-at="2026-07-13T16:27:06 IST" duration-ms="1157" status="PASS">
          <reporter-output>
          </reporter-output>
        </test-method> <!-- openCashback -->
        <test-method is-config="true" signature="initializeTotalearningsPageObject()[pri:0, instance:tests.TotalEarningsTests@1d25c1c]" started-at="2026-07-13T16:27:06 IST" name="initializeTotalearningsPageObject" finished-at="2026-07-13T16:27:07 IST" duration-ms="1168" status="PASS">
          <reporter-output>
          </reporter-output>
        </test-method> <!-- initializeTotalearningsPageObject -->
        <test-method signature="validatePendingCashbackAmount()[pri:0, instance:tests.TotalEarningsTests@1d25c1c]" started-at="2026-07-13T16:27:07 IST" name="validatePendingCashbackAmount" finished-at="2026-07-13T16:27:10 IST" duration-ms="3253" status="PASS">
          <reporter-output>
          </reporter-output>
        </test-method> <!-- validatePendingCashbackAmount -->
        <test-method is-config="true" signature="openCashback()[pri:0, instance:tests.TotalEarningsTests@1d25c1c]" started-at="2026-07-13T16:27:10 IST" name="openCashback" finished-at="2026-07-13T16:27:11 IST" duration-ms="1118" status="PASS">
          <reporter-output>
          </reporter-output>
        </test-method> <!-- openCashback -->
        <test-method is-config="true" signature="initializeTotalearningsPageObject()[pri:0, instance:tests.TotalEarningsTests@1d25c1c]" started-at="2026-07-13T16:27:11 IST" name="initializeTotalearningsPageObject" finished-at="2026-07-13T16:27:13 IST" duration-ms="1144" status="PASS">
          <reporter-output>
          </reporter-output>
        </test-method> <!-- initializeTotalearningsPageObject -->
        <test-method signature="validateRedeemRedirectBasedOnMyEarnings()[pri:0, instance:tests.TotalEarningsTests@1d25c1c]" started-at="2026-07-13T16:27:13 IST" name="validateRedeemRedirectBasedOnMyEarnings" finished-at="2026-07-13T16:27:14 IST" depends-on-methods="tests.TotalEarningsTests.validateConfirmedCashbackAmount" duration-ms="1213" status="PASS">
          <reporter-output>
          </reporter-output>
        </test-method> <!-- validateRedeemRedirectBasedOnMyEarnings -->
        <test-method is-config="true" signature="openCashback()[pri:0, instance:tests.TotalEarningsTests@1d25c1c]" started-at="2026-07-13T16:27:14 IST" name="openCashback" finished-at="2026-07-13T16:27:15 IST" duration-ms="1268" status="PASS">
          <reporter-output>
          </reporter-output>
        </test-method> <!-- openCashback -->
        <test-method is-config="true" signature="initializeTotalearningsPageObject()[pri:0, instance:tests.TotalEarningsTests@1d25c1c]" started-at="2026-07-13T16:27:15 IST" name="initializeTotalearningsPageObject" finished-at="2026-07-13T16:27:16 IST" duration-ms="1133" status="PASS">
          <reporter-output>
          </reporter-output>
        </test-method> <!-- initializeTotalearningsPageObject -->
        <test-method signature="validate_TotalEarnings()[pri:0, instance:tests.TotalEarningsTests@1d25c1c]" started-at="2026-07-13T16:27:16 IST" name="validate_TotalEarnings" finished-at="2026-07-13T16:27:16 IST" depends-on-methods="tests.TotalEarningsTests.validateConfirmedCashbackAmount, tests.TotalEarningsTests.validatePendingCashbackAmount" duration-ms="8" status="PASS">
          <reporter-output>
          </reporter-output>
        </test-method> <!-- validate_TotalEarnings -->
        <test-method is-config="true" signature="openCashback()[pri:0, instance:tests.TotalEarningsTests@1d25c1c]" started-at="2026-07-13T16:27:16 IST" name="openCashback" finished-at="2026-07-13T16:27:17 IST" duration-ms="1146" status="PASS">
          <reporter-output>
          </reporter-output>
        </test-method> <!-- openCashback -->
        <test-method is-config="true" signature="initializeTotalearningsPageObject()[pri:0, instance:tests.TotalEarningsTests@1d25c1c]" started-at="2026-07-13T16:27:17 IST" name="initializeTotalearningsPageObject" finished-at="2026-07-13T16:27:18 IST" duration-ms="1128" status="PASS">
          <reporter-output>
          </reporter-output>
        </test-method> <!-- initializeTotalearningsPageObject -->
        <test-method signature="validateDeclinedCashbackHistory()[pri:0, instance:tests.TotalEarningsTests@1d25c1c]" started-at="2026-07-13T16:27:18 IST" name="validateDeclinedCashbackHistory" finished-at="2026-07-13T16:27:22 IST" duration-ms="3092" status="PASS">
          <reporter-output>
          </reporter-output>
        </test-method> <!-- validateDeclinedCashbackHistory -->
        <test-method is-config="true" signature="tearDown()[pri:0, instance:tests.TotalEarningsTests@1d25c1c]" started-at="2026-07-13T16:27:22 IST" name="tearDown" finished-at="2026-07-13T16:27:23 IST" duration-ms="1148" status="PASS">
          <reporter-output>
          </reporter-output>
        </test-method> <!-- tearDown -->
      </class> <!-- tests.TotalEarningsTests -->
      <class name="tests.AllCategoriesTest">
        <test-method is-config="true" signature="setUp()[pri:0, instance:tests.AllCategoriesTest@44cb460e]" started-at="2026-07-13T16:23:40 IST" name="setUp" finished-at="2026-07-13T16:23:58 IST" duration-ms="17964" status="PASS">
          <reporter-output>
          </reporter-output>
        </test-method> <!-- setUp -->
        <test-method is-config="true" signature="openCashback()[pri:0, instance:tests.AllCategoriesTest@44cb460e]" started-at="2026-07-13T16:23:58 IST" name="openCashback" finished-at="2026-07-13T16:24:00 IST" duration-ms="1517" status="PASS">
          <reporter-output>
          </reporter-output>
        </test-method> <!-- openCashback -->
        <test-method is-config="true" signature="setup()[pri:0, instance:tests.AllCategoriesTest@44cb460e]" started-at="2026-07-13T16:24:02 IST" name="setup" finished-at="2026-07-13T16:24:04 IST" duration-ms="2608" status="PASS">
          <reporter-output>
          </reporter-output>
        </test-method> <!-- setup -->
        <test-method signature="clickonsearchresult__006()[pri:0, instance:tests.AllCategoriesTest@44cb460e]" started-at="2026-07-13T16:24:04 IST" name="clickonsearchresult__006" finished-at="2026-07-13T16:24:11 IST" duration-ms="6840" status="PASS">
          <reporter-output>
          </reporter-output>
        </test-method> <!-- clickonsearchresult__006 -->
        <test-method is-config="true" signature="openCashback()[pri:0, instance:tests.AllCategoriesTest@44cb460e]" started-at="2026-07-13T16:24:11 IST" name="openCashback" finished-at="2026-07-13T16:24:12 IST" duration-ms="1162" status="PASS">
          <reporter-output>
          </reporter-output>
        </test-method> <!-- openCashback -->
        <test-method is-config="true" signature="setup()[pri:0, instance:tests.AllCategoriesTest@44cb460e]" started-at="2026-07-13T16:24:12 IST" name="setup" finished-at="2026-07-13T16:24:14 IST" duration-ms="2234" status="PASS">
          <reporter-output>
          </reporter-output>
        </test-method> <!-- setup -->
        <test-method signature="verifyAZFilterTest_003()[pri:0, instance:tests.AllCategoriesTest@44cb460e]" started-at="2026-07-13T16:24:14 IST" name="verifyAZFilterTest_003" finished-at="2026-07-13T16:24:44 IST" duration-ms="29777" status="PASS">
          <reporter-output>
          </reporter-output>
        </test-method> <!-- verifyAZFilterTest_003 -->
        <test-method is-config="true" signature="openCashback()[pri:0, instance:tests.AllCategoriesTest@44cb460e]" started-at="2026-07-13T16:24:44 IST" name="openCashback" finished-at="2026-07-13T16:24:45 IST" duration-ms="1175" status="PASS">
          <reporter-output>
          </reporter-output>
        </test-method> <!-- openCashback -->
        <test-method is-config="true" signature="setup()[pri:0, instance:tests.AllCategoriesTest@44cb460e]" started-at="2026-07-13T16:24:45 IST" name="setup" finished-at="2026-07-13T16:24:48 IST" duration-ms="2175" status="PASS">
          <reporter-output>
          </reporter-output>
        </test-method> <!-- setup -->
        <test-method signature="verifyActivateCashbackReflectsInClicksTest_005()[pri:0, instance:tests.AllCategoriesTest@44cb460e]" started-at="2026-07-13T16:24:48 IST" name="verifyActivateCashbackReflectsInClicksTest_005" finished-at="2026-07-13T16:24:56 IST" duration-ms="8117" status="PASS">
          <reporter-output>
          </reporter-output>
        </test-method> <!-- verifyActivateCashbackReflectsInClicksTest_005 -->
        <test-method is-config="true" signature="openCashback()[pri:0, instance:tests.AllCategoriesTest@44cb460e]" started-at="2026-07-13T16:24:56 IST" name="openCashback" finished-at="2026-07-13T16:24:57 IST" duration-ms="1144" status="PASS">
          <reporter-output>
          </reporter-output>
        </test-method> <!-- openCashback -->
        <test-method is-config="true" signature="setup()[pri:0, instance:tests.AllCategoriesTest@44cb460e]" started-at="2026-07-13T16:24:57 IST" name="setup" finished-at="2026-07-13T16:24:59 IST" duration-ms="2212" status="PASS">
          <reporter-output>
          </reporter-output>
        </test-method> <!-- setup -->
        <test-method signature="verifyCashbackFilterTest_004()[pri:0, instance:tests.AllCategoriesTest@44cb460e]" started-at="2026-07-13T16:24:59 IST" name="verifyCashbackFilterTest_004" finished-at="2026-07-13T16:25:02 IST" duration-ms="3349" status="PASS">
          <reporter-output>
          </reporter-output>
        </test-method> <!-- verifyCashbackFilterTest_004 -->
        <test-method is-config="true" signature="openCashback()[pri:0, instance:tests.AllCategoriesTest@44cb460e]" started-at="2026-07-13T16:25:02 IST" name="openCashback" finished-at="2026-07-13T16:25:04 IST" duration-ms="1157" status="PASS">
          <reporter-output>
          </reporter-output>
        </test-method> <!-- openCashback -->
        <test-method is-config="true" signature="setup()[pri:0, instance:tests.AllCategoriesTest@44cb460e]" started-at="2026-07-13T16:25:04 IST" name="setup" finished-at="2026-07-13T16:25:06 IST" duration-ms="2226" status="PASS">
          <reporter-output>
          </reporter-output>
        </test-method> <!-- setup -->
        <test-method signature="verifyRandomCampaignSearchTest_001()[pri:0, instance:tests.AllCategoriesTest@44cb460e]" started-at="2026-07-13T16:25:06 IST" name="verifyRandomCampaignSearchTest_001" finished-at="2026-07-13T16:25:11 IST" duration-ms="5261" status="PASS">
          <reporter-output>
          </reporter-output>
        </test-method> <!-- verifyRandomCampaignSearchTest_001 -->
        <test-method is-config="true" signature="openCashback()[pri:0, instance:tests.AllCategoriesTest@44cb460e]" started-at="2026-07-13T16:25:11 IST" name="openCashback" finished-at="2026-07-13T16:25:12 IST" duration-ms="1158" status="PASS">
          <reporter-output>
          </reporter-output>
        </test-method> <!-- openCashback -->
        <test-method is-config="true" signature="setup()[pri:0, instance:tests.AllCategoriesTest@44cb460e]" started-at="2026-07-13T16:25:12 IST" name="setup" finished-at="2026-07-13T16:25:14 IST" duration-ms="2207" status="PASS">
          <reporter-output>
          </reporter-output>
        </test-method> <!-- setup -->
        <test-method signature="verifyRandomInvalidCampaignSearchTest_002()[pri:0, instance:tests.AllCategoriesTest@44cb460e]" started-at="2026-07-13T16:25:14 IST" name="verifyRandomInvalidCampaignSearchTest_002" finished-at="2026-07-13T16:25:16 IST" duration-ms="1524" status="PASS">
          <reporter-output>
          </reporter-output>
        </test-method> <!-- verifyRandomInvalidCampaignSearchTest_002 -->
        <test-method is-config="true" signature="tearDown()[pri:0, instance:tests.AllCategoriesTest@44cb460e]" started-at="2026-07-13T16:25:16 IST" name="tearDown" finished-at="2026-07-13T16:25:17 IST" duration-ms="1295" status="PASS">
          <reporter-output>
          </reporter-output>
        </test-method> <!-- tearDown -->
      </class> <!-- tests.AllCategoriesTest -->
      <class name="tests.HomePageTests">
        <test-method is-config="true" signature="setUp()[pri:0, instance:tests.HomePageTests@3b36e000]" started-at="2026-07-13T16:25:17 IST" name="setUp" finished-at="2026-07-13T16:25:19 IST" duration-ms="1694" status="PASS">
          <reporter-output>
          </reporter-output>
        </test-method> <!-- setUp -->
        <test-method is-config="true" signature="openCashback()[pri:0, instance:tests.HomePageTests@3b36e000]" started-at="2026-07-13T16:25:19 IST" name="openCashback" finished-at="2026-07-13T16:25:20 IST" duration-ms="1451" status="PASS">
          <reporter-output>
          </reporter-output>
        </test-method> <!-- openCashback -->
        <test-method is-config="true" signature="initializePageObject()[pri:0, instance:tests.HomePageTests@3b36e000]" started-at="2026-07-13T16:25:20 IST" name="initializePageObject" finished-at="2026-07-13T16:25:20 IST" duration-ms="6" status="PASS">
          <reporter-output>
          </reporter-output>
        </test-method> <!-- initializePageObject -->
        <test-method signature="IterateCategoriesAndCheckCampaignsTest_002()[pri:0, instance:tests.HomePageTests@3b36e000]" started-at="2026-07-13T16:25:20 IST" name="IterateCategoriesAndCheckCampaignsTest_002" finished-at="2026-07-13T16:25:40 IST" duration-ms="19242" status="PASS">
          <reporter-output>
          </reporter-output>
        </test-method> <!-- IterateCategoriesAndCheckCampaignsTest_002 -->
        <test-method is-config="true" signature="openCashback()[pri:0, instance:tests.HomePageTests@3b36e000]" started-at="2026-07-13T16:25:40 IST" name="openCashback" finished-at="2026-07-13T16:25:41 IST" duration-ms="1118" status="PASS">
          <reporter-output>
          </reporter-output>
        </test-method> <!-- openCashback -->
        <test-method is-config="true" signature="initializePageObject()[pri:0, instance:tests.HomePageTests@3b36e000]" started-at="2026-07-13T16:25:41 IST" name="initializePageObject" finished-at="2026-07-13T16:25:41 IST" duration-ms="2" status="PASS">
          <reporter-output>
          </reporter-output>
        </test-method> <!-- initializePageObject -->
        <test-method signature="OpenHomePageTest_001()[pri:0, instance:tests.HomePageTests@3b36e000]" started-at="2026-07-13T16:25:41 IST" name="OpenHomePageTest_001" finished-at="2026-07-13T16:25:41 IST" duration-ms="10" status="PASS">
          <reporter-output>
          </reporter-output>
        </test-method> <!-- OpenHomePageTest_001 -->
        <test-method is-config="true" signature="openCashback()[pri:0, instance:tests.HomePageTests@3b36e000]" started-at="2026-07-13T16:25:41 IST" name="openCashback" finished-at="2026-07-13T16:25:42 IST" duration-ms="1117" status="PASS">
          <reporter-output>
          </reporter-output>
        </test-method> <!-- openCashback -->
        <test-method is-config="true" signature="initializePageObject()[pri:0, instance:tests.HomePageTests@3b36e000]" started-at="2026-07-13T16:25:42 IST" name="initializePageObject" finished-at="2026-07-13T16:25:42 IST" duration-ms="2" status="PASS">
          <reporter-output>
          </reporter-output>
        </test-method> <!-- initializePageObject -->
        <test-method signature="VerifyCategoriesMenuTest_005()[pri:0, instance:tests.HomePageTests@3b36e000]" started-at="2026-07-13T16:25:42 IST" name="VerifyCategoriesMenuTest_005" finished-at="2026-07-13T16:25:45 IST" duration-ms="3322" status="PASS">
          <reporter-output>
          </reporter-output>
        </test-method> <!-- VerifyCategoriesMenuTest_005 -->
        <test-method is-config="true" signature="openCashback()[pri:0, instance:tests.HomePageTests@3b36e000]" started-at="2026-07-13T16:25:45 IST" name="openCashback" finished-at="2026-07-13T16:25:46 IST" duration-ms="1118" status="PASS">
          <reporter-output>
          </reporter-output>
        </test-method> <!-- openCashback -->
        <test-method is-config="true" signature="initializePageObject()[pri:0, instance:tests.HomePageTests@3b36e000]" started-at="2026-07-13T16:25:46 IST" name="initializePageObject" finished-at="2026-07-13T16:25:46 IST" duration-ms="1" status="PASS">
          <reporter-output>
          </reporter-output>
        </test-method> <!-- initializePageObject -->
        <test-method signature="VerifyCategoryFiltersTest_003()[pri:0, instance:tests.HomePageTests@3b36e000]" started-at="2026-07-13T16:25:46 IST" name="VerifyCategoryFiltersTest_003" finished-at="2026-07-13T16:26:40 IST" duration-ms="53516" status="PASS">
          <reporter-output>
          </reporter-output>
        </test-method> <!-- VerifyCategoryFiltersTest_003 -->
        <test-method is-config="true" signature="openCashback()[pri:0, instance:tests.HomePageTests@3b36e000]" started-at="2026-07-13T16:26:40 IST" name="openCashback" finished-at="2026-07-13T16:26:41 IST" duration-ms="1138" status="PASS">
          <reporter-output>
          </reporter-output>
        </test-method> <!-- openCashback -->
        <test-method is-config="true" signature="initializePageObject()[pri:0, instance:tests.HomePageTests@3b36e000]" started-at="2026-07-13T16:26:41 IST" name="initializePageObject" finished-at="2026-07-13T16:26:41 IST" duration-ms="3" status="PASS">
          <reporter-output>
          </reporter-output>
        </test-method> <!-- initializePageObject -->
        <test-method signature="VerifyCountryFilterCampaignsTest_004()[pri:0, instance:tests.HomePageTests@3b36e000]" started-at="2026-07-13T16:26:41 IST" name="VerifyCountryFilterCampaignsTest_004" finished-at="2026-07-13T16:26:50 IST" duration-ms="8891" status="PASS">
          <reporter-output>
          </reporter-output>
        </test-method> <!-- VerifyCountryFilterCampaignsTest_004 -->
        <test-method is-config="true" signature="tearDown()[pri:0, instance:tests.HomePageTests@3b36e000]" started-at="2026-07-13T16:26:50 IST" name="tearDown" finished-at="2026-07-13T16:26:52 IST" duration-ms="2031" status="PASS">
          <reporter-output>
          </reporter-output>
        </test-method> <!-- tearDown -->
      </class> <!-- tests.HomePageTests -->
    </test> <!-- Test -->
  </suite> <!-- Suite -->
</testng-results>
