<?xml version="1.0" encoding="UTF-8"?>
<testsuite xmlns:xsi="http://www.w3.org/2001/XMLSchema-instance" xsi:noNamespaceSchemaLocation="https://maven.apache.org/surefire/maven-surefire-plugin/xsd/surefire-test-report.xsd" version="3.0.1" name="TestSuite" time="186.108" tests="11" errors="0" skipped="0" failures="0">
  <properties>
[...]
</properties>
  <testcase name="clickonsearchresult__006" classname="tests.AllCategoriesTest" time="6.114">
    <system-out><![CDATA[17:41:37.388 [main] DEBUG org.testng.TestNG -- suiteXmlPath: "C:\Users\DELL\Projects\cashback\testng.xml"
17:41:37.730 [main] INFO org.testng.internal.Utils -- [XmlSuite] [WARN] 'parallel' value 'false' is no longer valid, defaulting to 'none'.
Browser launched
Opening Cashback Home Page
Total campaigns collected: 537
Selected Campaign: Eyejack
Brand popup opened successfully for: Eyejack
]]></system-out>
  </testcase>
  <testcase name="verifyAZFilterTest_003" classname="tests.AllCategoriesTest" time="28.301">
    <system-out><![CDATA[Opening Cashback Home Page
Comparing: 10Web [1] -> 12Go Asia Pte., Ltd. [1]
Comparing: 12Go Asia Pte., Ltd. [1] -> 2Game [2]
Comparing: 2Game [2] -> 365 Data Science Online Program [3]
Comparing: 365 Data Science Online Program [3] -> 365 Financial Analyst [3]
Comparing: 365 Financial Analyst [3] -> AbeBooks [a]
OK: number -> letter
Comparing: AbeBooks [a] -> Abelssoft [a]
Comparing: Abelssoft [a] -> Academiedugout [a]
Comparing: Academiedugout [a] -> AccorPlus [a]
Comparing: AccorPlus [a] -> ACEBEAM Flashlight [a]
Comparing: ACEBEAM Flashlight [a] -> Aceblend [a]
Comparing: Aceblend [a] -> Acer [a]
Comparing: Acer [a] -> Acko Bike [a]
Comparing: Acko Bike [a] -> Acko Car Insurance [a]
Comparing: Acko Car Insurance [a] -> AdCreative.ai [a]
Comparing: AdCreative.ai [a] -> AdGuard VPN [a]
Comparing: AdGuard VPN [a] -> Adminvps [a]
Comparing: Adminvps [a] -> Advanced System Repair Pro [a]
Comparing: Advanced System Repair Pro [a] -> Adventuras [a]
Comparing: Adventuras [a] -> Agaro [a]
Comparing: Agaro [a] -> Air Doctor [a]
Comparing: Air Doctor [a] -> Air India [a]
Comparing: Air India [a] -> Air India Express [a]
Comparing: Air India Express [a] -> AirAsia Travel [a]
Comparing: AirAsia Travel [a] -> Airhelp [a]
Comparing: Airhelp [a] -> Airia [a]
Comparing: Airia [a] -> Airpaz Global [a]
Comparing: Airpaz Global [a] -> AirZlink eSIM Store [a]
Comparing: AirZlink eSIM Store [a] -> AiSDR [a]
Comparing: AiSDR [a] -> Ajio [a]
Comparing: Ajio [a] -> Ajmal Perfumes [a]
Comparing: Ajmal Perfumes [a] -> Akool Inc [a]
Comparing: Akool Inc [a] -> Alamy [a]
Comparing: Alamy [a] -> Alaska Airlines Mileage Plan - Points.com [a]
Comparing: Alaska Airlines Mileage Plan - Points.com [a] -> AliExpress [a]
Comparing: AliExpress [a] -> All Man [a]
Comparing: All Man [a] -> Amazon India [a]
Comparing: Amazon India [a] -> Amigo eSIM [a]
Comparing: Amigo eSIM [a] -> Amofashion LTD [a]
Comparing: Amofashion LTD [a] -> Amotopart Fairing Creator Recruitment [a]
Comparing: Amotopart Fairing Creator Recruitment [a] -> Amplitude [a]
Comparing: Amplitude [a] -> Anantara [a]
Comparing: Anantara [a] -> Annie cloth [a]
Comparing: Annie cloth [a] -> AOMEI [a]
Comparing: AOMEI [a] -> AOMEI & MultCloud Performance Marketing Prgm [a]
Comparing: AOMEI & MultCloud Performance Marketing Prgm [a] -> Apollo.io [a]
Comparing: Apollo.io [a] -> Appsbd Affiliates [a]
Comparing: Appsbd Affiliates [a] -> AppSumo [a]
Comparing: AppSumo [a] -> ArkThinker [a]
Comparing: ArkThinker [a] -> Arkuda Digital [a]
Comparing: Arkuda Digital [a] -> Asus India [a]
Comparing: Asus India [a] -> AU Bank [a]
Comparing: AU Bank [a] -> Aviasales WW [a]
Comparing: Aviasales WW [a] -> Avidlove [a]
Comparing: Avidlove [a] -> AVIDLOVE [a]
Comparing: AVIDLOVE [a] -> Avni Wellness [a]
Comparing: Avni Wellness [a] -> Avon [a]
Comparing: Avon [a] -> Babeside [b]
Comparing: Babeside [b] -> BabyForest [b]
Comparing: BabyForest [b] -> Bajaj Finserv [b]
Comparing: Bajaj Finserv [b] -> Banggood [b]
Comparing: Banggood [b] -> Banggood [b]
Comparing: Banggood [b] -> Bcengi [b]
Comparing: Bcengi [b] -> Bcengi [b]
Comparing: Bcengi [b] -> BdThemes Affiliate Program [b]
Comparing: BdThemes Affiliate Program [b] -> Bee-link [b]
Comparing: Bee-link [b] -> Beelivery [b]
Comparing: Beelivery [b] -> Better Nutrition [b]
Comparing: Better Nutrition [b] -> BigRock [b]
Comparing: BigRock [b] -> BILL [b]
Comparing: BILL [b] -> BINGE Movies & TV [b]
Comparing: BINGE Movies & TV [b] -> BioWorld [b]
Comparing: BioWorld [b] -> Bitqueues Affiliate Program [b]
Comparing: Bitqueues Affiliate Program [b] -> Bla Bli Blu [b]
Comparing: Bla Bli Blu [b] -> Blinkist [b]
Comparing: Blinkist [b] -> Blinq [b]
Comparing: Blinq [b] -> Bliss Club [b]
Comparing: Bliss Club [b] -> Boat [b]
Comparing: Boat [b] -> Bondwithpet [b]
Comparing: Bondwithpet [b] -> Booking.com [b]
Comparing: Booking.com [b] -> BOYA [b]
Comparing: BOYA [b] -> Brand24 [b]
Comparing: Brand24 [b] -> British Council [b]
Comparing: British Council [b] -> Broomees [b]
Comparing: Broomees [b] -> Browse AI [b]
Comparing: Browse AI [b] -> Buggati [b]
Comparing: Buggati [b] -> byFood [b]
Comparing: byFood [b] -> Byfood [b]
Comparing: Byfood [b] -> Calilio [c]
Comparing: Calilio [c] -> CallHippo [c]
Comparing: CallHippo [c] -> Callrail [c]
Comparing: Callrail [c] -> Campaigner [c]
Comparing: Campaigner [c] -> Casetify [c]
Comparing: Casetify [c] -> Castmagic [c]
Comparing: Castmagic [c] -> Catalister [c]
Comparing: Catalister [c] -> Ccleaner [c]
Comparing: Ccleaner [c] -> ChicMe [c]
Comparing: ChicMe [c] -> Choconchoc [c]
Comparing: Choconchoc [c] -> Clean Email [c]
Comparing: Clean Email [c] -> ClevGuard [c]
Comparing: ClevGuard [c] -> Clovia [c]
Comparing: Clovia [c] -> Codashop [c]
Comparing: Codashop [c] -> CogniFit [c]
Comparing: CogniFit [c] -> Cohoom [c]
Comparing: Cohoom [c] -> Compensair [c]
Comparing: Compensair [c] -> ControlZ World IN [c]
Comparing: ControlZ World IN [c] -> Coofandy [c]
Comparing: Coofandy [c] -> COOFANDY [c]
Comparing: COOFANDY [c] -> Coohom Commission Program [c]
Comparing: Coohom Commission Program [c] -> Corel [c]
Comparing: Corel [c] -> Coursera [c]
Comparing: Coursera [c] -> Databox [d]
Comparing: Databox [d] -> Deel [d]
Comparing: Deel [d] -> Dell Consumer - India [d]
Comparing: Dell Consumer - India [d] -> Designs.ai by Pixlr Pte Ltd [d]
Comparing: Designs.ai by Pixlr Pte Ltd [d] -> DHgate [d]
Comparing: DHgate [d] -> Dhoodhvale Farms [d]
Comparing: Dhoodhvale Farms [d] -> Difmark [d]
Comparing: Difmark [d] -> Diginius [d]
Comparing: Diginius [d] -> DocHub [d]
Comparing: DocHub [d] -> Domain.com [d]
Comparing: Domain.com [d] -> Domain.com [d]
Comparing: Domain.com [d] -> Dongguan HiBy Music Technology Co., Ltd. [d]
Comparing: Dongguan HiBy Music Technology Co., Ltd. [d] -> DreamHost [d]
Comparing: DreamHost [d] -> DumbleScore [d]
Comparing: DumbleScore [d] -> Dyson [d]
Comparing: Dyson [d] -> Dyson [d]
Comparing: Dyson [d] -> EaseUS [e]
Comparing: EaseUS [e] -> Easyship Ambassador Program [e]
Comparing: Easyship Ambassador Program [e] -> Education.com [e]
Comparing: Education.com [e] -> Edureka [e]
Comparing: Edureka [e] -> Elemntlife [e]
Comparing: Elemntlife [e] -> Emergent [e]
Comparing: Emergent [e] -> Envato Elements [e]
Comparing: Envato Elements [e] -> Envato Placeit [e]
Comparing: Envato Placeit [e] -> Envatomarket [e]
Comparing: Envatomarket [e] -> Esd Codes [e]
Comparing: Esd Codes [e] -> ESD CODES [e]
Comparing: ESD CODES [e] -> eSIMX [e]
Comparing: eSIMX [e] -> EssayDone - AI Writer & Humanizer [e]
Comparing: EssayDone - AI Writer & Humanizer [e] -> Eternz [e]
Comparing: Eternz [e] -> EtravelSIM [e]
Comparing: EtravelSIM [e] -> Eurowings [e]
Comparing: Eurowings [e] -> Eventtrix [e]
Comparing: Eventtrix [e] -> Evolve [e]
Comparing: Evolve [e] -> ExpressVPN - TW [e]
Comparing: ExpressVPN - TW [e] -> Eyejack [e]
Comparing: Eyejack [e] -> F-Secure [f]
Comparing: F-Secure [f] -> Fabella [f]
Comparing: Fabella [f] -> FastestVPN [f]
Comparing: FastestVPN [f] -> Fastmail [f]
Comparing: Fastmail [f] -> Feel Good Contacts UK [f]
Comparing: Feel Good Contacts UK [f] -> FeverUP [f]
Comparing: FeverUP [f] -> File Viewer Plus [f]
Comparing: File Viewer Plus [f] -> Firstcry [f]
Comparing: Firstcry [f] -> Firstcry [f]
Comparing: Firstcry [f] -> Flashcloud Affiliate Program [f]
Comparing: Flashcloud Affiliate Program [f] -> FLEXTAIL [f]
Comparing: FLEXTAIL [f] -> Flipkart [f]
Comparing: Flipkart [f] -> Fly Fairly [f]
Comparing: Fly Fairly [f] -> Fonelora [f]
Comparing: Fonelora [f] -> FontLab Affiliate Program [f]
Comparing: FontLab Affiliate Program [f] -> ForceDrop [f]
Comparing: ForceDrop [f] -> Forest Essentials [f]
Comparing: Forest Essentials [f] -> FuelOne [f]
Comparing: FuelOne [f] -> Full Shine Hair Extensions [f]
Comparing: Full Shine Hair Extensions [f] -> FutureBleep Technology Limited [f]
Comparing: FutureBleep Technology Limited [f] -> Fytika [f]
Comparing: Fytika [f] -> G4free [g]
Comparing: G4free [g] -> g4free activewear [g]
Comparing: g4free activewear [g] -> Gameseal [g]
Comparing: Gameseal [g] -> Gamivo [g]
Comparing: Gamivo [g] -> Gamivo [g]
Comparing: Gamivo [g] -> GearUP [g]
Comparing: GearUP [g] -> Geekbuying [g]
Comparing: Geekbuying [g] -> GetResponse [g]
Comparing: GetResponse [g] -> Getscreen [g]
Comparing: Getscreen [g] -> GharSoaps [g]
Comparing: GharSoaps [g] -> Giftmio [g]
Comparing: Giftmio [g] -> Gitmind [g]
Comparing: Gitmind [g] -> gitmind.com [g]
Comparing: gitmind.com [g] -> Global Delight Technologies [g]
Comparing: Global Delight Technologies [g] -> Global Trade Rates [g]
Comparing: Global Trade Rates [g] -> Global YO [g]
Comparing: Global YO [g] -> Goatlife [g]
Comparing: Goatlife [g] -> Godrej Interio [g]
Comparing: Godrej Interio [g] -> GOG WW [g]
Comparing: GOG WW [g] -> Gotogate [g]
Comparing: Gotogate [g] -> Gotogate [g]
Comparing: Gotogate [g] -> Gritzo [g]
Comparing: Gritzo [g] -> Hammer [h]
Comparing: Hammer [h] -> Hardaddy [h]
Comparing: Hardaddy [h] -> Hasthemes [h]
Comparing: Hasthemes [h] -> Hatke [h]
Comparing: Hatke [h] -> Haute Sauce [h]
Comparing: Haute Sauce [h] -> Havells [h]
Comparing: Havells [h] -> HealthKart [h]
Comparing: HealthKart [h] -> HealthXP [h]
Comparing: HealthXP [h] -> Helloice [h]
Comparing: Helloice [h] -> Hemp Bombs [h]
Comparing: Hemp Bombs [h] -> Hemp Bombs [h]
Comparing: Hemp Bombs [h] -> Hewi [h]
Comparing: Hewi [h] -> Hichkie [h]
Comparing: Hichkie [h] -> Hohem Affiliate Program [h]
Comparing: Hohem Affiliate Program [h] -> HOK Makeup [h]
Comparing: HOK Makeup [h] -> Homestyler [h]
Comparing: Homestyler [h] -> Homestyler WW [h]
Comparing: Homestyler WW [h] -> HONGKONG OSSILEE TRADING LIMITED [h]
Comparing: HONGKONG OSSILEE TRADING LIMITED [h] -> HopeGoo [h]
Comparing: HopeGoo [h] -> Hostarmada [h]
Comparing: Hostarmada [h] -> HostelPass [h]
Comparing: HostelPass [h] -> Hostinger India [h]
Comparing: Hostinger India [h] -> Hostpapa [h]
Comparing: Hostpapa [h] -> Hover [h]
Comparing: Hover [h] -> HP India [h]
Comparing: HP India [h] -> iberlibro [i]
Comparing: iberlibro [i] -> IceVPN [i]
Comparing: IceVPN [i] -> ICICI Credit Card [i]
Comparing: ICICI Credit Card [i] -> ICICI Lombard [i]
Comparing: ICICI Lombard [i] -> IDFC Credit Card [i]
Comparing: IDFC Credit Card [i] -> Igp [i]
Comparing: Igp [i] -> Imgmi Affiliate Program [i]
Comparing: Imgmi Affiliate Program [i] -> imyFone [i]
Comparing: imyFone [i] -> InboxAlly [i]
Comparing: InboxAlly [i] -> Indian Gifts Portal [i]
Comparing: Indian Gifts Portal [i] -> Inspiration Affiliate Programme [i]
Comparing: Inspiration Affiliate Programme [i] -> INSTAREM GLOBAL [i]
Comparing: INSTAREM GLOBAL [i] -> Instax Fujifilm [i]
Comparing: Instax Fujifilm [i] -> Interakt [i]
Comparing: Interakt [i] -> International Open Academy [i]
Comparing: International Open Academy [i] -> International Open Academy [i]
Comparing: International Open Academy [i] -> Internxt [i]
Comparing: Internxt [i] -> InVideo [i]
Comparing: InVideo [i] -> InVideo [i]
Comparing: InVideo [i] -> IPRoyal [i]
Comparing: IPRoyal [i] -> IPRoyal [i]
Comparing: IPRoyal [i] -> Italiarail [i]
Comparing: Italiarail [i] -> Italist Inc. [i]
Comparing: Italist Inc. [i] -> italki [i]
Comparing: italki [i] -> Jaipur Rugs [j]
Comparing: Jaipur Rugs [j] -> jAlbum Affiliate Program [j]
Comparing: jAlbum Affiliate Program [j] -> Jetpac Global [j]
Comparing: Jetpac Global [j] -> Jibble [j]
Comparing: Jibble [j] -> Jockey [j]
Comparing: Jockey [j] -> JuicyChat.AI [j]
Comparing: JuicyChat.AI [j] -> Junglescout [j]
Comparing: Junglescout [j] -> Just fashion Now [j]
Comparing: Just fashion Now [j] -> Just Fashion Now [j]
Comparing: Just Fashion Now [j] -> K4G [k]
Comparing: K4G [k] -> kailas [k]
Comparing: kailas [k] -> Kama Ayurveda [k]
Comparing: Kama Ayurveda [k] -> Kapiva [k]
Comparing: Kapiva [k] -> Kapiva [k]
Comparing: Kapiva [k] -> Keeprix [k]
Comparing: Keeprix [k] -> Kerala Ayurveda [k]
Comparing: Kerala Ayurveda [k] -> Khaddi Natural [k]
Comparing: Khaddi Natural [k] -> Kicks Crew [k]
Comparing: Kicks Crew [k] -> Kindlife [k]
Comparing: Kindlife [k] -> King Palm [k]
Comparing: King Palm [k] -> Kinguin [k]
Comparing: Kinguin [k] -> Kisslove Hair [k]
Comparing: Kisslove Hair [k] -> Kittl [k]
Comparing: Kittl [k] -> KKday [k]
Comparing: KKday [k] -> Klook [k]
Comparing: Klook [k] -> Klook [k]
Comparing: Klook [k] -> Klook [k]
Comparing: Klook [k] -> Kohler [k]
Comparing: Kohler [k] -> KOSPET Smartwatch [k]
Comparing: KOSPET Smartwatch [k] -> Kotak 811 Savings Account [k]
Comparing: Kotak 811 Savings Account [k] -> Krafted Millets [k]
Comparing: Krafted Millets [k] -> Krishna Ayurveda [k]
Comparing: Krishna Ayurveda [k] -> Laavoo Extensions [l]
Comparing: Laavoo Extensions [l] -> Lenovo [l]
Comparing: Lenovo [l] -> Lenovo India [l]
Comparing: Lenovo India [l] -> Lenskart [l]
Comparing: Lenskart [l] -> LePARMENTIER Paris [l]
Comparing: LePARMENTIER Paris [l] -> LePARMENTIER Paris [l]
Comparing: LePARMENTIER Paris [l] -> Levis [l]
Comparing: Levis [l] -> Libas [l]
Comparing: Libas [l] -> Libas [l]
Comparing: Libas [l] -> lightpdf.com [l]
Comparing: lightpdf.com [l] -> Lilysilk [l]
Comparing: Lilysilk [l] -> Lindy AI [l]
Comparing: Lindy AI [l] -> Lingdi TechnologyCo.,Ltd [l]
Comparing: Lingdi TechnologyCo.,Ltd [l] -> Lingualeo [l]
Comparing: Lingualeo [l] -> Lucira Jewelry [l]
Comparing: Lucira Jewelry [l] -> LÚDERE [l]
Comparing: LÚDERE [l] -> Lumens [l]
Comparing: Lumens [l] -> LuvLap [l]
Comparing: LuvLap [l] -> Lux [l]
Comparing: Lux [l] -> MACROSOFT STORE S.R.L. [m]
Comparing: MACROSOFT STORE S.R.L. [m] -> Magic Keys [m]
Comparing: Magic Keys [m] -> Malaysia Airlines [m]
Comparing: Malaysia Airlines [m] -> Malwarebytes [m]
Comparing: Malwarebytes [m] -> Marcopolohotels [m]
Comparing: Marcopolohotels [m] -> MaxLife Insurance [m]
Comparing: MaxLife Insurance [m] -> McAfee Work From Home [m]
Comparing: McAfee Work From Home [m] -> Megadreams Limited [m]
Comparing: Megadreams Limited [m] -> Meta Box [m]
Comparing: Meta Box [m] -> Millenniumhotels [m]
Comparing: Millenniumhotels [m] -> Milton [m]
Comparing: Milton [m] -> MindManager [m]
Comparing: MindManager [m] -> Mini Wesst [m]
Comparing: Mini Wesst [m] -> minus30 [m]
Comparing: minus30 [m] -> Mister Aladin [m]
Comparing: Mister Aladin [m] -> Mivi [m]
Comparing: Mivi [m] -> Moglix [m]
Comparing: Moglix [m] -> Moms Home [m]
Comparing: Moms Home [m] -> Mondly by Pearson [m]
Comparing: Mondly by Pearson [m] -> Moosend [m]
Comparing: Moosend [m] -> MuleRun [m]
Comparing: MuleRun [m] -> MuleRun [m]
Comparing: MuleRun [m] -> Murf AI [m]
Comparing: Murf AI [m] -> Muscleblaze [m]
Comparing: Muscleblaze [m] -> Muscletech [m]
Comparing: Muscletech [m] -> My Designation [m]
Comparing: My Designation [m] -> MyDataNinja [m]
Comparing: MyDataNinja [m] -> Mymuse [m]
Comparing: Mymuse [m] -> Mymuse [m]
Comparing: Mymuse [m] -> Myntra [m]
Comparing: Myntra [m] -> mypal.pro [m]
Comparing: mypal.pro [m] -> Mysterium VPN [m]
Comparing: Mysterium VPN [m] -> Mysterium VPN [m]
Comparing: Mysterium VPN [m] -> Mytrip.com [m]
Comparing: Mytrip.com [m] -> nadula [n]
Comparing: nadula [n] -> Nadula [n]
Comparing: Nadula [n] -> Namakwali [n]
Comparing: Namakwali [n] -> Nasher Miles [n]
Comparing: Nasher Miles [n] -> Neeman's IN [n]
Comparing: Neeman's IN [n] -> Neemans [n]
Comparing: Neemans [n] -> Neeshperfumes [n]
Comparing: Neeshperfumes [n] -> Network Solutions [n]
Comparing: Network Solutions [n] -> Network Solutions Affiliate Program [n]
Comparing: Network Solutions Affiliate Program [n] -> Neuherbs [n]
Comparing: Neuherbs [n] -> Nexo [n]
Comparing: Nexo [n] -> Nexo [n]
Comparing: Nexo [n] -> Niccolo Hotels [n]
Comparing: Niccolo Hotels [n] -> Noise [n]
Comparing: Noise [n] -> Nomad eSIM [n]
Comparing: Nomad eSIM [n] -> Noracora [n]
Comparing: Noracora [n] -> NoraCora [n]
Comparing: NoraCora [n] -> NordVPN [n]
Comparing: NordVPN [n] -> Notta AI Notetaker [n]
Comparing: Notta AI Notetaker [n] -> Nourish Mantra [n]
Comparing: Nourish Mantra [n] -> NuLeaf Naturals CBD [n]
Comparing: NuLeaf Naturals CBD [n] -> Nutrabay [n]
Comparing: Nutrabay [n] -> Olive Young Global [o]
Comparing: Olive Young Global [o] -> Omfort [o]
Comparing: Omfort [o] -> Omnisend [o]
Comparing: Omnisend [o] -> Omnisend Affiliate Partner Program [o]
Comparing: Omnisend Affiliate Partner Program [o] -> On That Ass [o]
Comparing: On That Ass [o] -> Onemile [o]
Comparing: Onemile [o] -> Oppo [o]
Comparing: Oppo [o] -> OPPO India [o]
Comparing: OPPO India [o] -> Organic Mandya [o]
Comparing: Organic Mandya [o] -> Ourritual [o]
Comparing: Ourritual [o] -> OVAGO [o]
Comparing: OVAGO [o] -> Oyela [o]
Comparing: Oyela [o] -> Pacdora [p]
Comparing: Pacdora [p] -> Pacdora [p]
Comparing: Pacdora [p] -> Packedwithpurpose [p]
Comparing: Packedwithpurpose [p] -> Padel Market [p]
Comparing: Padel Market [p] -> Palazzo Versace Dubai [p]
Comparing: Palazzo Versace Dubai [p] -> Palmonas [p]
Comparing: Palmonas [p] -> Parallels [p]
Comparing: Parallels [p] -> Parallels [p]
Comparing: Parallels [p] -> PDF Expert [p]
Comparing: PDF Expert [p] -> Pelago [p]
Comparing: Pelago [p] -> Pelago by Singapore Airlines [p]
Comparing: Pelago by Singapore Airlines [p] -> Pepperfry [p]
Comparing: Pepperfry [p] -> Pepperstone [p]
Comparing: Pepperstone [p] -> Perfora [p]
Comparing: Perfora [p] -> Photobook [p]
Comparing: Photobook [p] -> Picwish [p]
Comparing: Picwish [p] -> PicWish [p]
Comparing: PicWish [p] -> PipelinePRO [p]
Comparing: PipelinePRO [p] -> Piquelife [p]
Comparing: Piquelife [p] -> Planner 5D [p]
Comparing: Planner 5D [p] -> Planner5d [p]
Comparing: Planner5d [p] -> Planner5d [p]
Comparing: Planner5d [p] -> Plum Goodness [p]
Comparing: Plum Goodness [p] -> Plush [p]
Comparing: Plush [p] -> Pond5 [p]
Comparing: Pond5 [p] -> Pongcheese [p]
Comparing: Pongcheese [p] -> PopAi [p]
Comparing: PopAi [p] -> PopAi AI Sheets [p]
Comparing: PopAi AI Sheets [p] -> Portronics [p]
Comparing: Portronics [p] -> Preply Learners [p]
Comparing: Preply Learners [p] -> Proxy-cheap [p]
Comparing: Proxy-cheap [p] -> Pubrio [p]
Comparing: Pubrio [p] -> Purenutrition [p]
Comparing: Purenutrition [p] -> PureVPN [p]
Comparing: PureVPN [p] -> PureVPN [p]
Comparing: PureVPN [p] -> PYPROXY [p]
Comparing: PYPROXY [p] -> Qatar Airways [q]
Comparing: Qatar Airways [q] -> Qatar Airways [q]
Comparing: Qatar Airways [q] -> Qustodio [q]
Comparing: Qustodio [q] -> Rapid Formations [r]
Comparing: Rapid Formations [r] -> RaynaTours [r]
Comparing: RaynaTours [r] -> ReadKidz [r]
Comparing: ReadKidz [r] -> realme [r]
Comparing: realme [r] -> RealMe [r]
Comparing: RealMe [r] -> Reclaim.ai [r]
Comparing: Reclaim.ai [r] -> Redmagic [r]
Comparing: Redmagic [r] -> Reisemoto [r]
Comparing: Reisemoto [r] -> Reliance Digital [r]
Comparing: Reliance Digital [r] -> Renderforest [r]
Comparing: Renderforest [r] -> Rent My Stay [r]
Comparing: Rent My Stay [r] -> Reply.io [r]
Comparing: Reply.io [r] -> Retouch4me WW [r]
Comparing: Retouch4me WW [r] -> Rewarx Limited [r]
Comparing: Rewarx Limited [r] -> Roamless [r]
Comparing: Roamless [r] -> RoboShadow [r]
Comparing: RoboShadow [r] -> Ruhe [r]
Comparing: Ruhe [r] -> RunPod [r]
Comparing: RunPod [r] -> Safeshellvpn [s]
Comparing: Safeshellvpn [s] -> Saily [s]
Comparing: Saily [s] -> Saily [s]
Comparing: Saily [s] -> Salty [s]
Comparing: Salty [s] -> Samsung [s]
Comparing: Samsung [s] -> Sanatoriums [s]
Comparing: Sanatoriums [s] -> SaneBox [s]
Comparing: SaneBox [s] -> Sasa [s]
Comparing: Sasa [s] -> SBI Credit Card [s]
Comparing: SBI Credit Card [s] -> SBI Elite Card [s]
Comparing: SBI Elite Card [s] -> SBI Simply Click Credit Card [s]
Comparing: SBI Simply Click Credit Card [s] -> SCUF Gaming [s]
Comparing: SCUF Gaming [s] -> SEAGM [s]
Comparing: SEAGM [s] -> Selenichast [s]
Comparing: Selenichast [s] -> SentryPC [s]
Comparing: SentryPC [s] -> Seva Homes [s]
Comparing: Seva Homes [s] -> Sheets AI Resume Builder [s]
Comparing: Sheets AI Resume Builder [s] -> Shiftie [s]
Comparing: Shiftie [s] -> ship7.com [s]
Comparing: ship7.com [s] -> Shopbop [s]
Comparing: Shopbop [s] -> ShopClues [s]
Comparing: ShopClues [s] -> Shopify [s]
Comparing: Shopify [s] -> Shopsy [s]
Comparing: Shopsy [s] -> Shyaway [s]
Comparing: Shyaway [s] -> Sider.ai [s]
Comparing: Sider.ai [s] -> Silly Punter [s]
Comparing: Silly Punter [s] -> Similarweb [s]
Comparing: Similarweb [s] -> SimOptions [s]
Comparing: SimOptions [s] -> Sintra.ai [s]
Comparing: Sintra.ai [s] -> SitesGPT [s]
Comparing: SitesGPT [s] -> Skillshare Many GEOs [s]
Comparing: Skillshare Many GEOs [s] -> Skininspired [s]
Comparing: Skininspired [s] -> Skylum Affiliate Program [s]
Comparing: Skylum Affiliate Program [s] -> Slim SEO [s]
Comparing: Slim SEO [s] -> Smartwings [s]
Comparing: Smartwings [s] -> Snailax [s]
Comparing: Snailax [s] -> Snowfire AI [s]
Comparing: Snowfire AI [s] -> Soax [s]
Comparing: Soax [s] -> Softorino [s]
Comparing: Softorino [s] -> Solara [s]
Comparing: Solara [s] -> Sophos Home [s]
Comparing: Sophos Home [s] -> Sorare [s]
Comparing: Sorare [s] -> Soulflower [s]
Comparing: Soulflower [s] -> Soulight [s]
Comparing: Soulight [s] -> Southwest [s]
Comparing: Southwest [s] -> SSLs [s]
Comparing: SSLs [s] -> Steadfast Nutrition [s]
Comparing: Steadfast Nutrition [s] -> Stockedge [s]
Comparing: Stockedge [s] -> Strawberrynet [s]
Comparing: Strawberrynet [s] -> Stylevana [s]
Comparing: Stylevana [s] -> Stylewe [s]
Comparing: Stylewe [s] -> Sunsky [s]
Comparing: Sunsky [s] -> SurfShark [s]
Comparing: SurfShark [s] -> SurveyMonkey [s]
Comparing: SurveyMonkey [s] -> Swisse [s]
Comparing: Swisse [s] -> Switcher Studio [s]
Comparing: Switcher Studio [s] -> Talkpal - AI Language Learning [t]
Comparing: Talkpal - AI Language Learning [t] -> Tanishq [t]
Comparing: Tanishq [t] -> Tapfiliate [t]
Comparing: Tapfiliate [t] -> TATA AIG Health [t]
Comparing: TATA AIG Health [t] -> Tata Cliq [t]
Comparing: Tata Cliq [t] -> Tata Neu Credit Card [t]
Comparing: Tata Neu Credit Card [t] -> Tax1099 [t]
Comparing: Tax1099 [t] -> Teddy Boy [t]
Comparing: Teddy Boy [t] -> Temple Coins [t]
Comparing: Temple Coins [t] -> Tenable [t]
Comparing: Tenable [t] -> The Aeternum Company [t]
Comparing: The Aeternum Company [t] -> The Bayesian School of Technological Development Ltd [t]
Comparing: The Bayesian School of Technological Development Ltd [t] -> The Derma Co [t]
Comparing: The Derma Co [t] -> The Formal Club [t]
Comparing: The Formal Club [t] -> The Gut Co [t]
Comparing: The Gut Co [t] -> The Hindu [t]
Comparing: The Hindu [t] -> The Luxury Closet [t]
Comparing: The Luxury Closet [t] -> Thordata [t]
Comparing: Thordata [t] -> Thordata Global Residential Proxy [t]
Comparing: Thordata Global Residential Proxy [t] -> Thrillophilia [t]
Comparing: Thrillophilia [t] -> Ticket Liquidator [t]
Comparing: Ticket Liquidator [t] -> Ticombo APAC [t]
Comparing: Ticombo APAC [t] -> Timex [t]
Comparing: Timex [t] -> Tintbox [t]
Comparing: Tintbox [t] -> Tiqets Many GEOs [t]
Comparing: Tiqets Many GEOs [t] -> Titan Skinn [t]
Comparing: Titan Skinn [t] -> Toprankers [t]
Comparing: Toprankers [t] -> TORRAS-COOLiFY [t]
Comparing: TORRAS-COOLiFY [t] -> TrainPal [t]
Comparing: TrainPal [t] -> Trainual [t]
Comparing: Trainual [t] -> Travel Code [t]
Comparing: Travel Code [t] -> Traveloka India [t]
Comparing: Traveloka India [t] -> Travelstart [t]
Comparing: Travelstart [t] -> Treble AI [t]
Comparing: Treble AI [t] -> Trip.com [t]
Comparing: Trip.com [t] -> Trivago [t]
Comparing: Trivago [t] -> Troop Messenger [t]
Comparing: Troop Messenger [t] -> TrueBasics [t]
Comparing: TrueBasics [t] -> TurboVPN [t]
Comparing: TurboVPN [t] -> Tyresnmore [t]
Comparing: Tyresnmore [t] -> Udacity [u]
Comparing: Udacity [u] -> Ugeat Hair Official [u]
Comparing: Ugeat Hair Official [u] -> Ultahost [u]
Comparing: Ultahost [u] -> Ultahost [u]
Comparing: Ultahost [u] -> Unbounce [u]
Comparing: Unbounce [u] -> Underwriter AI [u]
Comparing: Underwriter AI [u] -> UNice [u]
Comparing: UNice [u] -> Unihost CPS WW [u]
Comparing: Unihost CPS WW [u] -> Unipin [u]
Comparing: Unipin [u] -> Uniqlo [u]
Comparing: Uniqlo [u] -> Uperfect [u]
Comparing: Uperfect [u] -> UPERFECT [u]
Comparing: UPERFECT [u] -> Upgrad Knowledgehut [u]
Comparing: Upgrad Knowledgehut [u] -> Uppercase [u]
Comparing: Uppercase [u] -> Upwork [u]
Comparing: Upwork [u] -> USim [u]
Comparing: USim [u] -> VectorStock WW [v]
Comparing: VectorStock WW [v] -> Veeam [v]
Comparing: Veeam [v] -> Verpex [v]
Comparing: Verpex [v] -> Viagogo [v]
Comparing: Viagogo [v] -> Vijay Sales [v]
Comparing: Vijay Sales [v] -> Vipre [v]
Comparing: Vipre [v] -> vivien Hair [v]
Comparing: vivien Hair [v] -> Voghion [v]
Comparing: Voghion [v] -> VOLLYC [v]
Comparing: VOLLYC [v] -> Voyage Eyewear [v]
Comparing: Voyage Eyewear [v] -> Voye Global [v]
Comparing: Voye Global [v] -> VY Jewelry [v]
Comparing: VY Jewelry [v] -> WarGaming [w]
Comparing: WarGaming [w] -> Webbusterz Affiliate Program [w]
Comparing: Webbusterz Affiliate Program [w] -> Wegic [w]
Comparing: Wegic [w] -> Wellbeing Nutrition [w]
Comparing: Wellbeing Nutrition [w] -> Wellbeing Nutrition IN [w]
Comparing: Wellbeing Nutrition IN [w] -> Whatconverts [w]
Comparing: Whatconverts [w] -> WinRAR [w]
Comparing: WinRAR [w] -> Wolf and Badger [w]
Comparing: Wolf and Badger [w] -> Wonderchef [w]
Comparing: Wonderchef [w] -> Wondershare [w]
Comparing: Wondershare [w] -> WONDERSHARE TECHNOLOGY [w]
Comparing: WONDERSHARE TECHNOLOGY [w] -> Wondershare WW [w]
Comparing: Wondershare WW [w] -> Woodestic [w]
Comparing: Woodestic [w] -> World of Warships. Desktop Gaming offer [w]
Comparing: World of Warships. Desktop Gaming offer [w] -> WPS SOFTWARE PTE.LTD. [w]
Comparing: WPS SOFTWARE PTE.LTD. [w] -> www.tokyo-tiger.com [w]
Comparing: www.tokyo-tiger.com [w] -> Xmind LTD [x]
Comparing: Xmind LTD [x] -> Yohomobile [y]
Comparing: Yohomobile [y] -> Youtravel.me Many GEOs [y]
Comparing: Youtravel.me Many GEOs [y] -> Yuplay [y]
Comparing: Yuplay [y] -> Zanducare [z]
Comparing: Zanducare [z] -> Zen Hotels [z]
Comparing: Zen Hotels [z] -> Zendrop [z]
Comparing: Zendrop [z] -> Zenzap [z]
Skipping non-Latin script entry: Часы Молния Many GEOs
A-Z sort validation PASSED for 564 campaigns
]]></system-out>
  </testcase>
  <testcase name="verifyActivateCashbackReflectsInClicksTest_005" classname="tests.AllCategoriesTest" time="7.321">
    <system-out><![CDATA[Opening Cashback Home Page
Brand cards found in grid: 564
Randomly selected brand at position 465 → Packedwithpurpose
New tab opened, waiting for it to finish loading...
New tab finished loading: https://shopping.santabrowser.com/out/44352/store/44352?uuid=2da68a9dd8c5a73&appsflyer_id=&theme=light
New tab closed
Latest click store: Packedwithpurpose
Verified: Activated brand 'Packedwithpurpose' matches latest click entry 'Packedwithpurpose'
]]></system-out>
  </testcase>
  <testcase name="verifyCashbackFilterTest_004" classname="tests.AllCategoriesTest" time="2.675">
    <system-out><![CDATA[Opening Cashback Home Page
Commission rate: 1524.18% (raw: $1,524.18)
Commission rate: 320.88% (raw: $320.88)
Commission rate: 320.0% (raw: $320.00)
Commission rate: 224.62% (raw: $224.62)
Commission rate: 192.53% (raw: $192.53)
Commission rate: 160.44% (raw: $160.44)
Commission rate: 142.4% (raw: $142.40)
Commission rate: 128.35% (raw: $128.35)
Commission rate: 120.0% (raw: $120.00)
Commission rate: 80.22% (raw: $80.22)
Commission rate: 80.0% (raw: 80.00%)
Commission rate: 80.0% (raw: 80.00%)
Commission rate: 80.0% (raw: 80.00%)
Commission rate: 80.0% (raw: 80.00%)
Commission rate: 80.0% (raw: $80.00)
Commission rate: 80.0% (raw: $80.00)
Commission rate: 80.0% (raw: 80.00%)
Commission rate: 79.73% (raw: $79.73)
Commission rate: 79.73% (raw: $79.73)
Commission rate: 68.0% (raw: 68.00%)
Commission rate: 64.18% (raw: $64.18)
Commission rate: 64.18% (raw: $64.18)
Commission rate: 60.97% (raw: $60.97)
Commission rate: 56.85% (raw: $56.85)
Commission rate: 56.0% (raw: 56.00%)
Commission rate: 56.0% (raw: 56.00%)
Commission rate: 55.94% (raw: 55.94%)
Commission rate: 48.0% (raw: 48.00%)
Commission rate: 48.0% (raw: $48.00)
Commission rate: 45.22% (raw: 45.22%)
Commission rate: 44.2% (raw: 44.20%)
Commission rate: 40.39% (raw: $40.39)
Commission rate: 40.0% (raw: 40.00%)
Commission rate: 40.0% (raw: 40.00%)
Commission rate: 40.0% (raw: 40.00%)
Commission rate: 40.0% (raw: 40.00%)
Commission rate: 40.0% (raw: 40.00%)
Commission rate: 40.0% (raw: 40.00%)
Commission rate: 40.0% (raw: 40.00%)
Commission rate: 40.0% (raw: 40.00%)
Commission rate: 40.0% (raw: 40.00%)
Commission rate: 40.0% (raw: 40.00%)
Commission rate: 40.0% (raw: 40.00%)
Commission rate: 40.0% (raw: 40.00%)
Commission rate: 40.0% (raw: 40.00%)
Commission rate: 40.0% (raw: 40.00%)
Commission rate: 40.0% (raw: 40.00%)
Commission rate: 40.0% (raw: 40.00%)
Commission rate: 40.0% (raw: 40.00%)
Commission rate: 40.0% (raw: 40.00%)
Commission rate: 37.4% (raw: 37.40%)
Commission rate: 36.92% (raw: 36.92%)
Commission rate: 36.39% (raw: 36.39%)
Commission rate: 36.0% (raw: 36.00%)
Commission rate: 36.0% (raw: 36.00%)
Commission rate: 36.0% (raw: 36.00%)
Commission rate: 35.36% (raw: 35.36%)
Commission rate: 34.0% (raw: 34.00%)
Commission rate: 34.0% (raw: 34.00%)
Commission rate: 34.0% (raw: 34.00%)
Commission rate: 34.0% (raw: 34.00%)
Commission rate: 33.6% (raw: 33.60%)
Commission rate: 32.3% (raw: 32.30%)
Commission rate: 32.3% (raw: 32.30%)
Commission rate: 32.3% (raw: 32.30%)
Commission rate: 32.3% (raw: 32.30%)
Commission rate: 32.12% (raw: $32.12)
Commission rate: 32.0% (raw: 32.00%)
Commission rate: 32.0% (raw: 32.00%)
Commission rate: 32.0% (raw: 32.00%)
Commission rate: 32.0% (raw: 32.00%)
Commission rate: 32.0% (raw: 32.00%)
Commission rate: 32.0% (raw: 32.00%)
Commission rate: 32.0% (raw: 32.00%)
Commission rate: 32.0% (raw: 32.00%)
Commission rate: 30.77% (raw: 30.77%)
Commission rate: 30.6% (raw: 30.60%)
Commission rate: 30.6% (raw: 30.60%)
Commission rate: 28.0% (raw: 28.00%)
Commission rate: 28.0% (raw: 28.00%)
Commission rate: 28.0% (raw: 28.00%)
Commission rate: 28.0% (raw: 28.00%)
Commission rate: 27.2% (raw: 27.20%)
Commission rate: 27.2% (raw: 27.20%)
Commission rate: 27.2% (raw: 27.20%)
Commission rate: 27.2% (raw: 27.20%)
Commission rate: 27.2% (raw: 27.20%)
Commission rate: 25.99% (raw: 25.99%)
Commission rate: 25.84% (raw: 25.84%)
Commission rate: 25.84% (raw: 25.84%)
Commission rate: 25.84% (raw: 25.84%)
Commission rate: 25.76% (raw: 25.76%)
Commission rate: 25.2% (raw: 25.20%)
Commission rate: 25.2% (raw: 25.20%)
Commission rate: 24.48% (raw: 24.48%)
Commission rate: 24.23% (raw: 24.23%)
Commission rate: 24.0% (raw: 24.00%)
Commission rate: 24.0% (raw: 24.00%)
Commission rate: 24.0% (raw: 24.00%)
Commission rate: 24.0% (raw: 24.00%)
Commission rate: 24.0% (raw: 24.00%)
Commission rate: 24.0% (raw: 24.00%)
Commission rate: 24.0% (raw: 24.00%)
Commission rate: 24.0% (raw: 24.00%)
Commission rate: 24.0% (raw: 24.00%)
Commission rate: 24.0% (raw: 24.00%)
Commission rate: 24.0% (raw: 24.00%)
Commission rate: 24.0% (raw: 24.00%)
Commission rate: 24.0% (raw: 24.00%)
Commission rate: 24.0% (raw: 24.00%)
Commission rate: 24.0% (raw: 24.00%)
Commission rate: 24.0% (raw: 24.00%)
Commission rate: 24.0% (raw: 24.00%)
Commission rate: 24.0% (raw: 24.00%)
Commission rate: 24.0% (raw: 24.00%)
Commission rate: 24.0% (raw: 24.00%)
Commission rate: 24.0% (raw: 24.00%)
Commission rate: 24.0% (raw: 24.00%)
Commission rate: 24.0% (raw: 24.00%)
Commission rate: 24.0% (raw: $24.00)
Commission rate: 23.8% (raw: 23.80%)
Commission rate: 22.61% (raw: 22.61%)
Commission rate: 22.44% (raw: $22.44)
Commission rate: 21.95% (raw: $21.95)
Commission rate: 20.94% (raw: $20.94)
Commission rate: 20.67% (raw: 20.67%)
Commission rate: 20.4% (raw: 20.40%)
Commission rate: 20.4% (raw: 20.40%)
Commission rate: 20.4% (raw: 20.40%)
Commission rate: 20.4% (raw: 20.40%)
Commission rate: 20.4% (raw: 20.40%)
Commission rate: 20.4% (raw: 20.40%)
Commission rate: 20.0% (raw: 20.00%)
Commission rate: 20.0% (raw: 20.00%)
Commission rate: 20.0% (raw: 20.00%)
Commission rate: 20.0% (raw: 20.00%)
Commission rate: 20.0% (raw: 20.00%)
Commission rate: 19.38% (raw: 19.38%)
Commission rate: 19.38% (raw: 19.38%)
Commission rate: 19.38% (raw: 19.38%)
Commission rate: 19.38% (raw: 19.38%)
Commission rate: 19.38% (raw: 19.38%)
Commission rate: 19.26% (raw: $19.26)
Commission rate: 19.04% (raw: 19.04%)
Commission rate: 19.04% (raw: 19.04%)
Commission rate: 18.85% (raw: $18.85)
Commission rate: 18.85% (raw: $18.85)
Commission rate: 18.36% (raw: 18.36%)
Commission rate: 18.36% (raw: 18.36%)
Commission rate: 18.36% (raw: 18.36%)
Commission rate: 17.68% (raw: 17.68%)
Commission rate: 17.25% (raw: $17.25)
Commission rate: 17.24% (raw: 17.24%)
Commission rate: 17.15% (raw: 17.15%)
Commission rate: 17.0% (raw: 17.00%)
Commission rate: 17.0% (raw: 17.00%)
Commission rate: 17.0% (raw: 17.00%)
Commission rate: 17.0% (raw: 17.00%)
Commission rate: 16.8% (raw: 16.80%)
Commission rate: 16.66% (raw: 16.66%)
Commission rate: 16.53% (raw: 16.53%)
Commission rate: 16.32% (raw: 16.32%)
Commission rate: 16.05% (raw: $16.05)
Commission rate: 16.0% (raw: 16.00%)
Commission rate: 16.0% (raw: 16.00%)
Commission rate: 16.0% (raw: 16.00%)
Commission rate: 16.0% (raw: 16.00%)
Commission rate: 16.0% (raw: 16.00%)
Commission rate: 16.0% (raw: 16.00%)
Commission rate: 16.0% (raw: 16.00%)
Commission rate: 16.0% (raw: 16.00%)
Commission rate: 16.0% (raw: 16.00%)
Commission rate: 16.0% (raw: 16.00%)
Commission rate: 16.0% (raw: 16.00%)
Commission rate: 16.0% (raw: 16.00%)
Commission rate: 16.0% (raw: 16.00%)
Commission rate: 16.0% (raw: 16.00%)
Commission rate: 16.0% (raw: 16.00%)
Commission rate: 15.64% (raw: 15.64%)
Commission rate: 15.6% (raw: 15.60%)
Commission rate: 15.59% (raw: 15.59%)
Commission rate: 15.4% (raw: 15.40%)
Commission rate: 15.34% (raw: $15.34)
Commission rate: 15.31% (raw: 15.31%)
Commission rate: 15.01% (raw: $15.01)
Commission rate: 14.62% (raw: 14.62%)
Commission rate: 14.4% (raw: $14.40)
Commission rate: 14.4% (raw: 14.40%)
Commission rate: 14.4% (raw: 14.40%)
Commission rate: 14.28% (raw: 14.28%)
Commission rate: 14.28% (raw: 14.28%)
Commission rate: 14.28% (raw: 14.28%)
Commission rate: 14.28% (raw: 14.28%)
Commission rate: 13.6% (raw: 13.60%)
Commission rate: 13.6% (raw: 13.60%)
Commission rate: 13.6% (raw: 13.60%)
Commission rate: 13.6% (raw: 13.60%)
Commission rate: 13.6% (raw: 13.60%)
Commission rate: 13.6% (raw: 13.60%)
Commission rate: 13.6% (raw: 13.60%)
Commission rate: 13.6% (raw: 13.60%)
Commission rate: 13.6% (raw: 13.60%)
Commission rate: 13.6% (raw: 13.60%)
Commission rate: 13.6% (raw: 13.60%)
Commission rate: 13.6% (raw: 13.60%)
Commission rate: 13.6% (raw: 13.60%)
Commission rate: 13.6% (raw: 13.60%)
Commission rate: 13.6% (raw: 13.60%)
Commission rate: 13.6% (raw: 13.60%)
Commission rate: 12.92% (raw: 12.92%)
Commission rate: 12.83% (raw: $12.83)
Commission rate: 12.8% (raw: 12.80%)
Commission rate: 12.24% (raw: 12.24%)
Commission rate: 12.24% (raw: 12.24%)
Commission rate: 12.24% (raw: 12.24%)
Commission rate: 12.24% (raw: 12.24%)
Commission rate: 12.19% (raw: $12.19)
Commission rate: 12.0% (raw: 12.00%)
Commission rate: 12.0% (raw: 12.00%)
Commission rate: 12.0% (raw: 12.00%)
Commission rate: 12.0% (raw: 12.00%)
Commission rate: 12.0% (raw: 12.00%)
Commission rate: 12.0% (raw: 12.00%)
Commission rate: 12.0% (raw: 12.00%)
Commission rate: 12.0% (raw: 12.00%)
Commission rate: 12.0% (raw: 12.00%)
Commission rate: 12.0% (raw: 12.00%)
Commission rate: 12.0% (raw: 12.00%)
Commission rate: 12.0% (raw: 12.00%)
Commission rate: 12.0% (raw: 12.00%)
Commission rate: 12.0% (raw: 12.00%)
Commission rate: 12.0% (raw: 12.00%)
Commission rate: 12.0% (raw: 12.00%)
Commission rate: 11.82% (raw: 11.82%)
Commission rate: 11.56% (raw: 11.56%)
Commission rate: 11.56% (raw: 11.56%)
Commission rate: 11.56% (raw: 11.56%)
Commission rate: 11.26% (raw: $11.26)
Commission rate: 11.2% (raw: 11.20%)
Commission rate: 11.2% (raw: 11.20%)
Commission rate: 11.2% (raw: $11.20)
Commission rate: 11.2% (raw: 11.20%)
Commission rate: 11.2% (raw: 11.20%)
Commission rate: 10.88% (raw: 10.88%)
Commission rate: 10.88% (raw: 10.88%)
Commission rate: 10.88% (raw: 10.88%)
Commission rate: 10.88% (raw: 10.88%)
Commission rate: 10.41% (raw: 10.41%)
Commission rate: 10.4% (raw: $10.40)
Commission rate: 10.4% (raw: 10.40%)
Commission rate: 10.4% (raw: 10.40%)
Commission rate: 10.34% (raw: 10.34%)
Commission rate: 10.21% (raw: $10.21)
Commission rate: 10.2% (raw: 10.20%)
Commission rate: 10.2% (raw: 10.20%)
Commission rate: 10.2% (raw: 10.20%)
Commission rate: 10.2% (raw: 10.20%)
Commission rate: 10.2% (raw: 10.20%)
Commission rate: 10.2% (raw: 10.20%)
Commission rate: 10.2% (raw: 10.20%)
Commission rate: 10.2% (raw: 10.20%)
Commission rate: 10.2% (raw: 10.20%)
Commission rate: 10.2% (raw: 10.20%)
Commission rate: 10.2% (raw: 10.20%)
Commission rate: 10.2% (raw: 10.20%)
Commission rate: 10.2% (raw: 10.20%)
Commission rate: 10.2% (raw: 10.20%)
Commission rate: 9.69% (raw: 9.69%)
Commission rate: 9.69% (raw: 9.69%)
Commission rate: 9.6% (raw: 9.60%)
Commission rate: 9.6% (raw: 9.60%)
Commission rate: 9.6% (raw: 9.60%)
Commission rate: 9.6% (raw: 9.60%)
Commission rate: 9.6% (raw: 9.60%)
Commission rate: 9.6% (raw: 9.60%)
Commission rate: 9.6% (raw: 9.60%)
Commission rate: 9.6% (raw: 9.60%)
Commission rate: 9.52% (raw: 9.52%)
Commission rate: 9.52% (raw: 9.52%)
Commission rate: 9.52% (raw: 9.52%)
Commission rate: 9.52% (raw: 9.52%)
Commission rate: 9.52% (raw: 9.52%)
Commission rate: 9.52% (raw: 9.52%)
Commission rate: 9.18% (raw: 9.18%)
Commission rate: 8.84% (raw: 8.84%)
Commission rate: 8.84% (raw: 8.84%)
Commission rate: 8.84% (raw: 8.84%)
Commission rate: 8.84% (raw: 8.84%)
Commission rate: 8.8% (raw: 8.80%)
Commission rate: 8.7% (raw: 8.70%)
Commission rate: 8.56% (raw: 8.56%)
Commission rate: 8.54% (raw: $8.54)
Commission rate: 8.4% (raw: 8.40%)
Commission rate: 8.4% (raw: 8.40%)
Commission rate: 8.4% (raw: 8.40%)
Commission rate: 8.16% (raw: 8.16%)
Commission rate: 8.16% (raw: 8.16%)
Commission rate: 8.16% (raw: 8.16%)
Commission rate: 8.16% (raw: 8.16%)
Commission rate: 8.16% (raw: 8.16%)
Commission rate: 8.16% (raw: 8.16%)
Commission rate: 8.16% (raw: 8.16%)
Commission rate: 8.16% (raw: 8.16%)
Commission rate: 8.0% (raw: 8.00%)
Commission rate: 8.0% (raw: 8.00%)
Commission rate: 8.0% (raw: 8.00%)
Commission rate: 8.0% (raw: 8.00%)
Commission rate: 8.0% (raw: 8.00%)
Commission rate: 8.0% (raw: 8.00%)
Commission rate: 8.0% (raw: $8.00)
Commission rate: 8.0% (raw: 8.00%)
Commission rate: 8.0% (raw: 8.00%)
Commission rate: 8.0% (raw: 8.00%)
Commission rate: 8.0% (raw: 8.00%)
Commission rate: 8.0% (raw: 8.00%)
Commission rate: 8.0% (raw: 8.00%)
Commission rate: 8.0% (raw: 8.00%)
Commission rate: 8.0% (raw: 8.00%)
Commission rate: 8.0% (raw: 8.00%)
Commission rate: 8.0% (raw: 8.00%)
Commission rate: 8.0% (raw: 8.00%)
Commission rate: 8.0% (raw: 8.00%)
Commission rate: 8.0% (raw: 8.00%)
Commission rate: 8.0% (raw: 8.00%)
Commission rate: 8.0% (raw: 8.00%)
Commission rate: 8.0% (raw: 8.00%)
Commission rate: 8.0% (raw: 8.00%)
Commission rate: 8.0% (raw: 8.00%)
Commission rate: 8.0% (raw: 8.00%)
Commission rate: 8.0% (raw: 8.00%)
Commission rate: 8.0% (raw: 8.00%)
Commission rate: 7.95% (raw: 7.95%)
Commission rate: 7.75% (raw: 7.75%)
Commission rate: 7.75% (raw: 7.75%)
Commission rate: 7.75% (raw: 7.75%)
Commission rate: 7.75% (raw: 7.75%)
Commission rate: 7.75% (raw: 7.75%)
Commission rate: 7.75% (raw: 7.75%)
Commission rate: 7.65% (raw: 7.65%)
Commission rate: 7.65% (raw: 7.65%)
Commission rate: 7.5% (raw: $7.50)
Commission rate: 7.2% (raw: 7.20%)
Commission rate: 7.14% (raw: 7.14%)
Commission rate: 7.14% (raw: 7.14%)
Commission rate: 7.14% (raw: 7.14%)
Commission rate: 7.0% (raw: 7.00%)
Commission rate: 6.8% (raw: 6.80%)
Commission rate: 6.8% (raw: 6.80%)
Commission rate: 6.8% (raw: 6.80%)
Commission rate: 6.8% (raw: 6.80%)
Commission rate: 6.8% (raw: 6.80%)
Commission rate: 6.8% (raw: 6.80%)
Commission rate: 6.8% (raw: 6.80%)
Commission rate: 6.8% (raw: 6.80%)
Commission rate: 6.8% (raw: 6.80%)
Commission rate: 6.8% (raw: 6.80%)
Commission rate: 6.8% (raw: 6.80%)
Commission rate: 6.8% (raw: 6.80%)
Commission rate: 6.8% (raw: 6.80%)
Commission rate: 6.8% (raw: 6.80%)
Commission rate: 6.8% (raw: 6.80%)
Commission rate: 6.8% (raw: 6.80%)
Commission rate: 6.8% (raw: 6.80%)
Commission rate: 6.74% (raw: 6.74%)
Commission rate: 6.72% (raw: 6.72%)
Commission rate: 6.46% (raw: 6.46%)
Commission rate: 6.46% (raw: 6.46%)
Commission rate: 6.46% (raw: 6.46%)
Commission rate: 6.46% (raw: 6.46%)
Commission rate: 6.46% (raw: 6.46%)
Commission rate: 6.46% (raw: 6.46%)
Commission rate: 6.46% (raw: 6.46%)
Commission rate: 6.46% (raw: 6.46%)
Commission rate: 6.46% (raw: 6.46%)
Commission rate: 6.46% (raw: 6.46%)
Commission rate: 6.46% (raw: 6.46%)
Commission rate: 6.4% (raw: 6.40%)
Commission rate: 6.4% (raw: 6.40%)
Commission rate: 6.4% (raw: 6.40%)
Commission rate: 6.4% (raw: 6.40%)
Commission rate: 6.4% (raw: 6.40%)
Commission rate: 6.4% (raw: 6.40%)
Commission rate: 6.4% (raw: 6.40%)
Commission rate: 6.4% (raw: 6.40%)
Commission rate: 6.4% (raw: 6.40%)
Commission rate: 6.4% (raw: 6.40%)
Commission rate: 6.4% (raw: 6.40%)
Commission rate: 6.16% (raw: 6.16%)
Commission rate: 6.12% (raw: 6.12%)
Commission rate: 6.12% (raw: 6.12%)
Commission rate: 6.12% (raw: 6.12%)
Commission rate: 6.12% (raw: 6.12%)
Commission rate: 6.12% (raw: 6.12%)
Commission rate: 6.12% (raw: 6.12%)
Commission rate: 6.12% (raw: 6.12%)
Commission rate: 6.12% (raw: 6.12%)
Commission rate: 6.04% (raw: $6.04)
Commission rate: 5.82% (raw: $5.82)
Commission rate: 5.78% (raw: 5.78%)
Commission rate: 5.71% (raw: 5.71%)
Commission rate: 5.7% (raw: 5.70%)
Commission rate: 5.6% (raw: 5.60%)
Commission rate: 5.6% (raw: 5.60%)
Commission rate: 5.6% (raw: 5.60%)
Commission rate: 5.6% (raw: 5.60%)
Commission rate: 5.44% (raw: 5.44%)
Commission rate: 5.44% (raw: 5.44%)
Commission rate: 5.44% (raw: 5.44%)
Commission rate: 5.44% (raw: 5.44%)
Commission rate: 5.44% (raw: 5.44%)
Commission rate: 5.4% (raw: 5.40%)
Commission rate: 5.39% (raw: 5.39%)
Commission rate: 5.2% (raw: 5.20%)
Commission rate: 5.17% (raw: 5.17%)
Commission rate: 5.17% (raw: 5.17%)
Commission rate: 4.9% (raw: 4.90%)
Commission rate: 4.9% (raw: $4.90)
Commission rate: 4.9% (raw: 4.90%)
Commission rate: 4.8% (raw: 4.80%)
Commission rate: 4.8% (raw: 4.80%)
Commission rate: 4.8% (raw: 4.80%)
Commission rate: 4.8% (raw: 4.80%)
Commission rate: 4.76% (raw: 4.76%)
Commission rate: 4.76% (raw: 4.76%)
Commission rate: 4.76% (raw: 4.76%)
Commission rate: 4.76% (raw: 4.76%)
Commission rate: 4.76% (raw: 4.76%)
Commission rate: 4.76% (raw: 4.76%)
Commission rate: 4.76% (raw: 4.76%)
Commission rate: 4.76% (raw: 4.76%)
Commission rate: 4.76% (raw: 4.76%)
Commission rate: 4.76% (raw: 4.76%)
Commission rate: 4.48% (raw: 4.48%)
Commission rate: 4.42% (raw: 4.42%)
Commission rate: 4.29% (raw: 4.29%)
Commission rate: 4.26% (raw: $4.26)
Commission rate: 4.16% (raw: 4.16%)
Commission rate: 4.08% (raw: 4.08%)
Commission rate: 4.08% (raw: 4.08%)
Commission rate: 4.08% (raw: 4.08%)
Commission rate: 4.08% (raw: 4.08%)
Commission rate: 4.08% (raw: 4.08%)
Commission rate: 4.08% (raw: 4.08%)
Commission rate: 4.0% (raw: 4.00%)
Commission rate: 4.0% (raw: 4.00%)
Commission rate: 4.0% (raw: 4.00%)
Commission rate: 4.0% (raw: 4.00%)
Commission rate: 4.0% (raw: 4.00%)
Commission rate: 4.0% (raw: 4.00%)
Commission rate: 4.0% (raw: $4.00)
Commission rate: 4.0% (raw: 4.00%)
Commission rate: 4.0% (raw: 4.00%)
Commission rate: 4.0% (raw: 4.00%)
Commission rate: 3.92% (raw: 3.92%)
Commission rate: 3.88% (raw: 3.88%)
Commission rate: 3.81% (raw: 3.81%)
Commission rate: 3.81% (raw: 3.81%)
Commission rate: 3.81% (raw: 3.81%)
Commission rate: 3.74% (raw: 3.74%)
Commission rate: 3.6% (raw: 3.60%)
Commission rate: 3.4% (raw: 3.40%)
Commission rate: 3.4% (raw: 3.40%)
Commission rate: 3.4% (raw: 3.40%)
Commission rate: 3.4% (raw: 3.40%)
Commission rate: 3.4% (raw: 3.40%)
Commission rate: 3.4% (raw: 3.40%)
Commission rate: 3.4% (raw: 3.40%)
Commission rate: 3.4% (raw: 3.40%)
Commission rate: 3.4% (raw: 3.40%)
Commission rate: 3.4% (raw: 3.40%)
Commission rate: 3.4% (raw: 3.40%)
Commission rate: 3.4% (raw: 3.40%)
Commission rate: 3.4% (raw: 3.40%)
Commission rate: 3.37% (raw: $3.37)
Commission rate: 3.34% (raw: 3.34%)
Commission rate: 3.23% (raw: 3.23%)
Commission rate: 3.23% (raw: 3.23%)
Commission rate: 3.23% (raw: 3.23%)
Commission rate: 3.23% (raw: 3.23%)
Commission rate: 3.23% (raw: 3.23%)
Commission rate: 3.21% (raw: $3.21)
Commission rate: 3.2% (raw: 3.20%)
Commission rate: 3.14% (raw: $3.14)
Commission rate: 3.07% (raw: 3.07%)
Commission rate: 3.04% (raw: 3.04%)
Commission rate: 3.04% (raw: 3.04%)
Commission rate: 2.93% (raw: 2.93%)
Commission rate: 2.86% (raw: 2.86%)
Commission rate: 2.86% (raw: 2.86%)
Commission rate: 2.86% (raw: 2.86%)
Commission rate: 2.84% (raw: $2.84)
Commission rate: 2.8% (raw: 2.80%)
Commission rate: 2.72% (raw: 2.72%)
Commission rate: 2.72% (raw: 2.72%)
Commission rate: 2.72% (raw: 2.72%)
Commission rate: 2.72% (raw: 2.72%)
Commission rate: 2.4% (raw: 2.40%)
Commission rate: 2.4% (raw: 2.40%)
Commission rate: 2.4% (raw: 2.40%)
Commission rate: 2.4% (raw: 2.40%)
Commission rate: 2.4% (raw: $2.40)
Commission rate: 2.38% (raw: 2.38%)
Commission rate: 2.38% (raw: 2.38%)
Commission rate: 2.38% (raw: 2.38%)
Commission rate: 2.38% (raw: 2.38%)
Commission rate: 2.38% (raw: 2.38%)
Commission rate: 2.38% (raw: 2.38%)
Commission rate: 2.16% (raw: $2.16)
Commission rate: 2.14% (raw: 2.14%)
Commission rate: 2.14% (raw: 2.14%)
Commission rate: 2.06% (raw: 2.06%)
Commission rate: 2.0% (raw: 2.00%)
Commission rate: 2.0% (raw: 2.00%)
Commission rate: 1.94% (raw: 1.94%)
Commission rate: 1.9% (raw: 1.90%)
Commission rate: 1.9% (raw: 1.90%)
Commission rate: 1.7% (raw: 1.70%)
Commission rate: 1.68% (raw: 1.68%)
Commission rate: 1.68% (raw: 1.68%)
Commission rate: 1.68% (raw: 1.68%)
Commission rate: 1.62% (raw: 1.62%)
Commission rate: 1.6% (raw: 1.60%)
Commission rate: 1.6% (raw: 1.60%)
Commission rate: 1.6% (raw: 1.60%)
Commission rate: 1.6% (raw: 1.60%)
Commission rate: 1.43% (raw: 1.43%)
Commission rate: 1.43% (raw: 1.43%)
Commission rate: 1.43% (raw: 1.43%)
Commission rate: 1.43% (raw: 1.43%)
Commission rate: 1.36% (raw: 1.36%)
Commission rate: 1.35% (raw: 1.35%)
Commission rate: 1.34% (raw: $1.34)
Commission rate: 1.31% (raw: $1.31)
Commission rate: 1.3% (raw: 1.30%)
Commission rate: 1.22% (raw: 1.22%)
Commission rate: 1.2% (raw: $1.20)
Commission rate: 1.19% (raw: 1.19%)
Commission rate: 1.15% (raw: 1.15%)
Commission rate: 1.12% (raw: 1.12%)
Commission rate: 1.12% (raw: 1.12%)
Commission rate: 1.06% (raw: $1.06)
Commission rate: 0.95% (raw: 0.95%)
Commission rate: 0.95% (raw: 0.95%)
Commission rate: 0.93% (raw: $0.93)
Commission rate: 0.86% (raw: $0.86)
Commission rate: 0.86% (raw: $0.86)
Commission rate: 0.8% (raw: 0.80%)
Commission rate: 0.71% (raw: $0.71)
Commission rate: 0.68% (raw: 0.68%)
Commission rate: 0.65% (raw: 0.65%)
Commission rate: 0.65% (raw: 0.65%)
Commission rate: 0.6% (raw: 0.60%)
Commission rate: 0.53% (raw: $0.53)
Commission rate: 0.42% (raw: $0.42)
Commission rate: 0.38% (raw: $0.38)
Commission rate: 0.38% (raw: 0.38%)
Commission rate: 0.32% (raw: $0.32)
Commission rate: 0.31% (raw: $0.31)
Commission rate: 0.28% (raw: $0.28)
Commission rate: 0.22% (raw: $0.22)
Commission rate: 0.14% (raw: $0.14)
Commission rate: 0.13% (raw: $0.13)
Commission rate: 0.04% (raw: $0.04)
Commission rate: 0.01% (raw: 0.01%)
Cashback% sort validation PASSED for 564 rates
]]></system-out>
  </testcase>
  <testcase name="verifyRandomCampaignSearchTest_001" classname="tests.AllCategoriesTest" time="4.879">
    <system-out><![CDATA[Opening Cashback Home Page
Total campaigns collected: 537
Selected Campaign: Academiedugout
]]></system-out>
  </testcase>
  <testcase name="verifyRandomInvalidCampaignSearchTest_002" classname="tests.AllCategoriesTest" time="1.26">
    <system-out><![CDATA[Opening Cashback Home Page
Searching Invalid Campaign: randomXYZ
]]></system-out>
  </testcase>
  <testcase name="IterateCategoriesAndCheckCampaignsTest_002" classname="tests.HomePageTests" time="17.717">
    <system-out><![CDATA[Browser Closed
Browser launched
Opening Cashback Home Page
]]></system-out>
  </testcase>
  <testcase name="OpenHomePageTest_001" classname="tests.HomePageTests" time="0.007">
    <system-out><![CDATA[Opening Cashback Home Page
]]></system-out>
  </testcase>
  <testcase name="VerifyCategoriesMenuTest_005" classname="tests.HomePageTests" time="3.298">
    <system-out><![CDATA[Opening Cashback Home Page
Categories displayed : 25
]]></system-out>
  </testcase>
  <testcase name="VerifyCategoryFiltersTest_003" classname="tests.HomePageTests" time="51.907">
    <system-out><![CDATA[Opening Cashback Home Page
Comparing: Ajio [a] -> Ajmal Perfumes [a]
Comparing: Ajmal Perfumes [a] -> AliExpress [a]
Comparing: AliExpress [a] -> Amazon India [a]
Comparing: Amazon India [a] -> Amofashion LTD [a]
Comparing: Amofashion LTD [a] -> Annie cloth [a]
Comparing: Annie cloth [a] -> Avidlove [a]
Comparing: Avidlove [a] -> AVIDLOVE [a]
Comparing: AVIDLOVE [a] -> Banggood [b]
Comparing: Banggood [b] -> Banggood [b]
Comparing: Banggood [b] -> Bliss Club [b]
Comparing: Bliss Club [b] -> Buggati [b]
Comparing: Buggati [b] -> ChicMe [c]
Comparing: ChicMe [c] -> Clovia [c]
Comparing: Clovia [c] -> Coofandy [c]
Comparing: Coofandy [c] -> COOFANDY [c]
Comparing: COOFANDY [c] -> Fabella [f]
Comparing: Fabella [f] -> Feel Good Contacts UK [f]
Comparing: Feel Good Contacts UK [f] -> Flipkart [f]
Comparing: Flipkart [f] -> G4free [g]
Comparing: G4free [g] -> Hardaddy [h]
Comparing: Hardaddy [h] -> Haute Sauce [h]
Comparing: Haute Sauce [h] -> Hewi [h]
Comparing: Hewi [h] -> Italist Inc. [i]
Comparing: Italist Inc. [i] -> Jockey [j]
Comparing: Jockey [j] -> Just fashion Now [j]
Comparing: Just fashion Now [j] -> Just Fashion Now [j]
Comparing: Just Fashion Now [j] -> Kicks Crew [k]
Comparing: Kicks Crew [k] -> Lenskart [l]
Comparing: Lenskart [l] -> LePARMENTIER Paris [l]
Comparing: LePARMENTIER Paris [l] -> LePARMENTIER Paris [l]
Comparing: LePARMENTIER Paris [l] -> Levis [l]
Comparing: Levis [l] -> Libas [l]
Comparing: Libas [l] -> Libas [l]
Comparing: Libas [l] -> Lilysilk [l]
Comparing: Lilysilk [l] -> Mini Wesst [m]
Comparing: Mini Wesst [m] -> My Designation [m]
Comparing: My Designation [m] -> Myntra [m]
Comparing: Myntra [m] -> Nadula [n]
Comparing: Nadula [n] -> Neemans [n]
Comparing: Neemans [n] -> Noracora [n]
Comparing: Noracora [n] -> NoraCora [n]
Comparing: NoraCora [n] -> On That Ass [o]
Comparing: On That Ass [o] -> Oyela [o]
Comparing: Oyela [o] -> Salty [s]
Comparing: Salty [s] -> Selenichast [s]
Comparing: Selenichast [s] -> Shopbop [s]
Comparing: Shopbop [s] -> ShopClues [s]
Comparing: ShopClues [s] -> Shopsy [s]
Comparing: Shopsy [s] -> Shyaway [s]
Comparing: Shyaway [s] -> Silly Punter [s]
Comparing: Silly Punter [s] -> Stylewe [s]
Comparing: Stylewe [s] -> Tanishq [t]
Comparing: Tanishq [t] -> Tata Cliq [t]
Comparing: Tata Cliq [t] -> Teddy Boy [t]
Comparing: Teddy Boy [t] -> The Formal Club [t]
Comparing: The Formal Club [t] -> The Luxury Closet [t]
Comparing: The Luxury Closet [t] -> Timex [t]
Comparing: Timex [t] -> Uniqlo [u]
Comparing: Uniqlo [u] -> Voghion [v]
Comparing: Voghion [v] -> Wolf and Badger [w]
Comparing: Wolf and Badger [w] -> www.tokyo-tiger.com [w]
A-Z sort validation PASSED for 62 campaigns
Comparing: All Man [a] -> Avon [a]
Comparing: Avon [a] -> Bla Bli Blu [b]
Comparing: Bla Bli Blu [b] -> Flipkart [f]
Comparing: Flipkart [f] -> Forest Essentials [f]
Comparing: Forest Essentials [f] -> Full Shine Hair Extensions [f]
Comparing: Full Shine Hair Extensions [f] -> GharSoaps [g]
Comparing: GharSoaps [g] -> HealthKart [h]
Comparing: HealthKart [h] -> HOK Makeup [h]
Comparing: HOK Makeup [h] -> HONGKONG OSSILEE TRADING LIMITED [h]
Comparing: HONGKONG OSSILEE TRADING LIMITED [h] -> Kama Ayurveda [k]
Comparing: Kama Ayurveda [k] -> Kapiva [k]
Comparing: Kapiva [k] -> Kindlife [k]
Comparing: Kindlife [k] -> Kisslove Hair [k]
Comparing: Kisslove Hair [k] -> Laavoo Extensions [l]
Comparing: Laavoo Extensions [l] -> Muscleblaze [m]
Comparing: Muscleblaze [m] -> Myntra [m]
Comparing: Myntra [m] -> nadula [n]
Comparing: nadula [n] -> Neeshperfumes [n]
Comparing: Neeshperfumes [n] -> Neuherbs [n]
Comparing: Neuherbs [n] -> Nourish Mantra [n]
Comparing: Nourish Mantra [n] -> Olive Young Global [o]
Comparing: Olive Young Global [o] -> Plum Goodness [p]
Comparing: Plum Goodness [p] -> Sasa [s]
Comparing: Sasa [s] -> Seva Homes [s]
Comparing: Seva Homes [s] -> Soulflower [s]
Comparing: Soulflower [s] -> Strawberrynet [s]
Comparing: Strawberrynet [s] -> Stylevana [s]
Comparing: Stylevana [s] -> Swisse [s]
Comparing: Swisse [s] -> The Derma Co [t]
Comparing: The Derma Co [t] -> Titan Skinn [t]
Comparing: Titan Skinn [t] -> TrueBasics [t]
Comparing: TrueBasics [t] -> Ugeat Hair Official [u]
Comparing: Ugeat Hair Official [u] -> UNice [u]
Comparing: UNice [u] -> vivien Hair [v]
A-Z sort validation PASSED for 35 campaigns
Comparing: 2Game [2] -> Codashop [c]
OK: number -> letter
Comparing: Codashop [c] -> Difmark [d]
Comparing: Difmark [d] -> ForceDrop [f]
Comparing: ForceDrop [f] -> Gameseal [g]
Comparing: Gameseal [g] -> Gamivo [g]
Comparing: Gamivo [g] -> Gamivo [g]
Comparing: Gamivo [g] -> GearUP [g]
Comparing: GearUP [g] -> GOG WW [g]
Comparing: GOG WW [g] -> K4G [k]
Comparing: K4G [k] -> Kinguin [k]
Comparing: Kinguin [k] -> Redmagic [r]
Comparing: Redmagic [r] -> SCUF Gaming [s]
Comparing: SCUF Gaming [s] -> SEAGM [s]
Comparing: SEAGM [s] -> Sorare [s]
Comparing: Sorare [s] -> Unipin [u]
Comparing: Unipin [u] -> WarGaming [w]
Comparing: WarGaming [w] -> World of Warships. Desktop Gaming offer [w]
Comparing: World of Warships. Desktop Gaming offer [w] -> Yuplay [y]
A-Z sort validation PASSED for 19 campaigns
Comparing: Academiedugout [a] -> Beelivery [b]
Comparing: Beelivery [b] -> Better Nutrition [b]
Comparing: Better Nutrition [b] -> byFood [b]
Comparing: byFood [b] -> Choconchoc [c]
Comparing: Choconchoc [c] -> Dhoodhvale Farms [d]
Comparing: Dhoodhvale Farms [d] -> Goatlife [g]
Comparing: Goatlife [g] -> Hichkie [h]
Comparing: Hichkie [h] -> Krafted Millets [k]
Comparing: Krafted Millets [k] -> Millenniumhotels [m]
Comparing: Millenniumhotels [m] -> minus30 [m]
Comparing: minus30 [m] -> Namakwali [n]
Comparing: Namakwali [n] -> Organic Mandya [o]
Comparing: Organic Mandya [o] -> Packedwithpurpose [p]
Comparing: Packedwithpurpose [p] -> Piquelife [p]
Comparing: Piquelife [p] -> Pongcheese [p]
Comparing: Pongcheese [p] -> Purenutrition [p]
A-Z sort validation PASSED for 17 campaigns
Comparing: ACEBEAM Flashlight [a] -> Acer [a]
Comparing: Acer [a] -> AliExpress [a]
Comparing: AliExpress [a] -> Amazon India [a]
Comparing: Amazon India [a] -> ArkThinker [a]
Comparing: ArkThinker [a] -> Asus India [a]
Comparing: Asus India [a] -> Banggood [b]
Comparing: Banggood [b] -> Banggood [b]
Comparing: Banggood [b] -> Bee-link [b]
Comparing: Bee-link [b] -> Boat [b]
Comparing: Boat [b] -> BOYA [b]
Comparing: BOYA [b] -> ControlZ World IN [c]
Comparing: ControlZ World IN [c] -> Dell Consumer - India [d]
Comparing: Dell Consumer - India [d] -> Dongguan HiBy Music Technology Co., Ltd. [d]
Comparing: Dongguan HiBy Music Technology Co., Ltd. [d] -> Dyson [d]
Comparing: Dyson [d] -> Esd Codes [e]
Comparing: Esd Codes [e] -> Flipkart [f]
Comparing: Flipkart [f] -> Geekbuying [g]
Comparing: Geekbuying [g] -> Hammer [h]
Comparing: Hammer [h] -> Havells [h]
Comparing: Havells [h] -> Hohem Affiliate Program [h]
Comparing: Hohem Affiliate Program [h] -> HP India [h]
Comparing: HP India [h] -> Instax Fujifilm [i]
Comparing: Instax Fujifilm [i] -> KOSPET Smartwatch [k]
Comparing: KOSPET Smartwatch [k] -> Lenovo [l]
Comparing: Lenovo [l] -> Lenovo India [l]
Comparing: Lenovo India [l] -> Mivi [m]
Comparing: Mivi [m] -> Moglix [m]
Comparing: Moglix [m] -> Noise [n]
Comparing: Noise [n] -> Portronics [p]
Comparing: Portronics [p] -> realme [r]
Comparing: realme [r] -> Reliance Digital [r]
Comparing: Reliance Digital [r] -> Samsung [s]
Comparing: Samsung [s] -> ShopClues [s]
Comparing: ShopClues [s] -> Shopsy [s]
Comparing: Shopsy [s] -> Tata Cliq [t]
Comparing: Tata Cliq [t] -> Tata Neu Credit Card [t]
Comparing: Tata Neu Credit Card [t] -> TORRAS-COOLiFY [t]
Comparing: TORRAS-COOLiFY [t] -> Uperfect [u]
Comparing: Uperfect [u] -> UPERFECT [u]
Comparing: UPERFECT [u] -> Vijay Sales [v]
Comparing: Vijay Sales [v] -> Yohomobile [y]
A-Z sort validation PASSED for 42 campaigns
Comparing: 12Go Asia Pte., Ltd. [1] -> Air India Express [a]
OK: number -> letter
Comparing: Air India Express [a] -> AirAsia Travel [a]
Comparing: AirAsia Travel [a] -> Airhelp [a]
Comparing: Airhelp [a] -> Airpaz Global [a]
Comparing: Airpaz Global [a] -> AirZlink eSIM Store [a]
Comparing: AirZlink eSIM Store [a] -> Anantara [a]
Comparing: Anantara [a] -> Aviasales WW [a]
Comparing: Aviasales WW [a] -> Bcengi [b]
Comparing: Bcengi [b] -> Booking.com [b]
Comparing: Booking.com [b] -> Byfood [b]
Comparing: Byfood [b] -> Compensair [c]
Comparing: Compensair [c] -> eSIMX [e]
Comparing: eSIMX [e] -> Eurowings [e]
Comparing: Eurowings [e] -> Fly Fairly [f]
Comparing: Fly Fairly [f] -> HostelPass [h]
Comparing: HostelPass [h] -> Italiarail [i]
Comparing: Italiarail [i] -> Jetpac Global [j]
Comparing: Jetpac Global [j] -> KKday [k]
Comparing: KKday [k] -> Klook [k]
Comparing: Klook [k] -> Klook [k]
Comparing: Klook [k] -> Klook [k]
Comparing: Klook [k] -> Malaysia Airlines [m]
Comparing: Malaysia Airlines [m] -> Marcopolohotels [m]
Comparing: Marcopolohotels [m] -> Mytrip.com [m]
Comparing: Mytrip.com [m] -> Nomad eSIM [n]
Comparing: Nomad eSIM [n] -> OVAGO [o]
Comparing: OVAGO [o] -> Pelago [p]
Comparing: Pelago [p] -> Pelago by Singapore Airlines [p]
Comparing: Pelago by Singapore Airlines [p] -> Qatar Airways [q]
Comparing: Qatar Airways [q] -> Qatar Airways [q]
Comparing: Qatar Airways [q] -> RaynaTours [r]
Comparing: RaynaTours [r] -> Saily [s]
Comparing: Saily [s] -> Sanatoriums [s]
Comparing: Sanatoriums [s] -> Southwest [s]
Comparing: Southwest [s] -> Thrillophilia [t]
Comparing: Thrillophilia [t] -> Tiqets Many GEOs [t]
Comparing: Tiqets Many GEOs [t] -> TrainPal [t]
Comparing: TrainPal [t] -> Travel Code [t]
Comparing: Travel Code [t] -> Traveloka India [t]
Comparing: Traveloka India [t] -> Travelstart [t]
Comparing: Travelstart [t] -> Trip.com [t]
Comparing: Trip.com [t] -> USim [u]
Comparing: USim [u] -> Viagogo [v]
Comparing: Viagogo [v] -> Youtravel.me Many GEOs [y]
A-Z sort validation PASSED for 45 campaigns
Comparing: Air Doctor [a] -> Amazon India [a]
Comparing: Amazon India [a] -> Avni Wellness [a]
Comparing: Avni Wellness [a] -> BabyForest [b]
Comparing: BabyForest [b] -> Dyson [d]
Comparing: Dyson [d] -> Elemntlife [e]
Comparing: Elemntlife [e] -> FeverUP [f]
Comparing: FeverUP [f] -> Forest Essentials [f]
Comparing: Forest Essentials [f] -> FuelOne [f]
Comparing: FuelOne [f] -> Gritzo [g]
Comparing: Gritzo [g] -> HealthKart [h]
Comparing: HealthKart [h] -> HealthXP [h]
Comparing: HealthXP [h] -> Hemp Bombs [h]
Comparing: Hemp Bombs [h] -> Kama Ayurveda [k]
Comparing: Kama Ayurveda [k] -> Kapiva [k]
Comparing: Kapiva [k] -> Kerala Ayurveda [k]
Comparing: Kerala Ayurveda [k] -> Khaddi Natural [k]
Comparing: Khaddi Natural [k] -> Krishna Ayurveda [k]
Comparing: Krishna Ayurveda [k] -> Lumens [l]
Comparing: Lumens [l] -> Muscleblaze [m]
Comparing: Muscleblaze [m] -> Muscletech [m]
Comparing: Muscletech [m] -> Neuherbs [n]
Comparing: Neuherbs [n] -> NuLeaf Naturals CBD [n]
Comparing: NuLeaf Naturals CBD [n] -> Nutrabay [n]
Comparing: Nutrabay [n] -> Plum Goodness [p]
Comparing: Plum Goodness [p] -> Plush [p]
Comparing: Plush [p] -> Purenutrition [p]
Comparing: Purenutrition [p] -> Skininspired [s]
Comparing: Skininspired [s] -> Snailax [s]
Comparing: Snailax [s] -> Soulflower [s]
Comparing: Soulflower [s] -> Steadfast Nutrition [s]
Comparing: Steadfast Nutrition [s] -> Swisse [s]
Comparing: Swisse [s] -> TATA AIG Health [t]
Comparing: TATA AIG Health [t] -> The Derma Co [t]
Comparing: The Derma Co [t] -> The Gut Co [t]
Comparing: The Gut Co [t] -> TrueBasics [t]
Comparing: TrueBasics [t] -> Wellbeing Nutrition [w]
Comparing: Wellbeing Nutrition [w] -> Wellbeing Nutrition IN [w]
Comparing: Wellbeing Nutrition IN [w] -> Zanducare [z]
A-Z sort validation PASSED for 39 campaigns
Comparing: Agaro [a] -> Amazon India [a]
Comparing: Amazon India [a] -> DHgate [d]
Comparing: DHgate [d] -> Dyson [d]
Comparing: Dyson [d] -> FLEXTAIL [f]
Comparing: FLEXTAIL [f] -> Godrej Interio [g]
Comparing: Godrej Interio [g] -> Homestyler WW [h]
Comparing: Homestyler WW [h] -> Jaipur Rugs [j]
Comparing: Jaipur Rugs [j] -> Kohler [k]
Comparing: Kohler [k] -> Milton [m]
Comparing: Milton [m] -> Omfort [o]
Comparing: Omfort [o] -> Pepperfry [p]
Comparing: Pepperfry [p] -> Planner 5D [p]
Comparing: Planner 5D [p] -> Planner5d [p]
Comparing: Planner5d [p] -> Smartwings [s]
Comparing: Smartwings [s] -> Solara [s]
Comparing: Solara [s] -> Tintbox [t]
Comparing: Tintbox [t] -> Wonderchef [w]
A-Z sort validation PASSED for 18 campaigns
]]></system-out>
  </testcase>
  <testcase name="VerifyCountryFilterCampaignsTest_004" classname="tests.HomePageTests" time="6.992">
    <system-out><![CDATA[Opening Cashback Home Page
US Exclusive Campaign Found : Alibaba Test Passed
]]></system-out>
  </testcase>
</testsuite>