<?xml version="1.0" encoding="UTF-8"?>
<testsuite xmlns:xsi="http://www.w3.org/2001/XMLSchema-instance" xsi:noNamespaceSchemaLocation="https://maven.apache.org/surefire/maven-surefire-plugin/xsd/surefire-test-report.xsd" version="3.0.1" name="tests.TotalEarningsTests" time="38.239" tests="5" errors="0" skipped="0" failures="2">
  <properties>
[...]
</properties>
  <testcase name="verifyClicksTabScrolls" classname="tests.TotalEarningsTests" time="3.547">
    <system-out><![CDATA[Browser launched
Opening Cashback Home Page
--- STARTING TEST: Clicks Tab Scroll Check ---
--- TEST PASSED: Clicks Tab Scroll Check ---

]]></system-out>
  </testcase>
  <testcase name="verifyPendingTabScrollsAndMatchesHeader" classname="tests.TotalEarningsTests" time="3.135">
    <failure message="Error {&#10;  message=&apos;TypeError: document.querySelectorAll(...).filter is not a function&#10;    at eval (eval at evaluate (:302:30), &lt;anonymous&gt;:1:133)&#10;    at eval (eval at evaluate (:302:30), &lt;anonymous&gt;:1:779)&#10;    at eval (&lt;anonymous&gt;)&#10;    at UtilityScript.evaluate (&lt;anonymous&gt;:302:30)&#10;    at UtilityScript.&lt;anonymous&gt; (&lt;anonymous&gt;:1:44)&#10;  name=&apos;Error&#10;  stack=&apos;Error: TypeError: document.querySelectorAll(...).filter is not a function&#10;    at eval (eval at evaluate (:302:30), &lt;anonymous&gt;:1:133)&#10;    at eval (eval at evaluate (:302:30), &lt;anonymous&gt;:1:779)&#10;    at eval (&lt;anonymous&gt;)&#10;    at UtilityScript.evaluate (&lt;anonymous&gt;:302:30)&#10;    at UtilityScript.&lt;anonymous&gt; (&lt;anonymous&gt;:1:44)&#10;    at CRExecutionContext.evaluateWithArguments (C:\Users\DELL\AppData\Local\Temp\playwright-java-110342805030119546\package\lib\server\chromium\crExecutionContext.js:80:13)&#10;    at async LongStandingScope._race (C:\Users\DELL\AppData\Local\Temp\playwright-java-110342805030119546\package\lib\utils\isomorphic\manualPromise.js:94:14)&#10;    at async Object.evaluateExpression (C:\Users\DELL\AppData\Local\Temp\playwright-java-110342805030119546\package\lib\server\javascript.js:217:12)&#10;    at async Frame.evaluateExpression (C:\Users\DELL\AppData\Local\Temp\playwright-java-110342805030119546\package\lib\server\frames.js:598:19)&#10;    at async FrameDispatcher.evaluateExpression (C:\Users\DELL\AppData\Local\Temp\playwright-java-110342805030119546\package\lib\server\dispatchers\frameDispatcher.js:76:68)&#10;    at async ProgressController.run (C:\Users\DELL\AppData\Local\Temp\playwright-java-110342805030119546\package\lib\server\progress.js:104:22)&#10;    at async FrameDispatcher._runCommand (C:\Users\DELL\AppData\Local\Temp\playwright-java-110342805030119546\package\lib\server\dispatchers\dispatcher.js:91:14)&#10;    at async DispatcherConnection.dispatch (C:\Users\DELL\AppData\Local\Temp\playwright-java-110342805030119546\package\lib\server\dispatchers\dispatcher.js:325:22)&#10;}" type="com.microsoft.playwright.PlaywrightException"><![CDATA[com.microsoft.playwright.PlaywrightException: 
Error {
  message='TypeError: document.querySelectorAll(...).filter is not a function
    at eval (eval at evaluate (:302:30), <anonymous>:1:133)
    at eval (eval at evaluate (:302:30), <anonymous>:1:779)
    at eval (<anonymous>)
    at UtilityScript.evaluate (<anonymous>:302:30)
    at UtilityScript.<anonymous> (<anonymous>:1:44)
  name='Error
  stack='Error: TypeError: document.querySelectorAll(...).filter is not a function
    at eval (eval at evaluate (:302:30), <anonymous>:1:133)
    at eval (eval at evaluate (:302:30), <anonymous>:1:779)
    at eval (<anonymous>)
    at UtilityScript.evaluate (<anonymous>:302:30)
    at UtilityScript.<anonymous> (<anonymous>:1:44)
    at CRExecutionContext.evaluateWithArguments (C:\Users\DELL\AppData\Local\Temp\playwright-java-110342805030119546\package\lib\server\chromium\crExecutionContext.js:80:13)
    at async LongStandingScope._race (C:\Users\DELL\AppData\Local\Temp\playwright-java-110342805030119546\package\lib\utils\isomorphic\manualPromise.js:94:14)
    at async Object.evaluateExpression (C:\Users\DELL\AppData\Local\Temp\playwright-java-110342805030119546\package\lib\server\javascript.js:217:12)
    at async Frame.evaluateExpression (C:\Users\DELL\AppData\Local\Temp\playwright-java-110342805030119546\package\lib\server\frames.js:598:19)
    at async FrameDispatcher.evaluateExpression (C:\Users\DELL\AppData\Local\Temp\playwright-java-110342805030119546\package\lib\server\dispatchers\frameDispatcher.js:76:68)
    at async ProgressController.run (C:\Users\DELL\AppData\Local\Temp\playwright-java-110342805030119546\package\lib\server\progress.js:104:22)
    at async FrameDispatcher._runCommand (C:\Users\DELL\AppData\Local\Temp\playwright-java-110342805030119546\package\lib\server\dispatchers\dispatcher.js:91:14)
    at async DispatcherConnection.dispatch (C:\Users\DELL\AppData\Local\Temp\playwright-java-110342805030119546\package\lib\server\dispatchers\dispatcher.js:325:22)
}
	at com.microsoft.playwright.impl.WaitableResult.get(WaitableResult.java:56)
	at com.microsoft.playwright.impl.ChannelOwner.runUntil(ChannelOwner.java:138)
	at com.microsoft.playwright.impl.Connection.sendMessage(Connection.java:131)
	at com.microsoft.playwright.impl.ChannelOwner.sendMessage(ChannelOwner.java:124)
	at com.microsoft.playwright.impl.FrameImpl.evaluate(FrameImpl.java:287)
	at com.microsoft.playwright.impl.PageImpl.evaluate(PageImpl.java:747)
	at com.microsoft.playwright.Page.evaluate(Page.java:4512)
	at pages.TotalEarningsPage.getVisibleCashbackValues(TotalEarningsPage.java:88)
	at tests.TotalEarningsTests.verifyPendingTabScrollsAndMatchesHeader(TotalEarningsTests.java:37)
	at java.base/jdk.internal.reflect.NativeMethodAccessorImpl.invoke0(Native Method)
	at java.base/jdk.internal.reflect.NativeMethodAccessorImpl.invoke(NativeMethodAccessorImpl.java:77)
	at java.base/jdk.internal.reflect.DelegatingMethodAccessorImpl.invoke(DelegatingMethodAccessorImpl.java:43)
	at java.base/java.lang.reflect.Method.invoke(Method.java:569)
	at org.testng.internal.invokers.MethodInvocationHelper.invokeMethod(MethodInvocationHelper.java:141)
	at org.testng.internal.invokers.TestInvoker.invokeMethod(TestInvoker.java:686)
	at org.testng.internal.invokers.TestInvoker.invokeTestMethod(TestInvoker.java:230)
	at org.testng.internal.invokers.MethodRunner.runInSequence(MethodRunner.java:63)
	at org.testng.internal.invokers.TestInvoker$MethodInvocationAgent.invoke(TestInvoker.java:992)
	at org.testng.internal.invokers.TestInvoker.invokeTestMethods(TestInvoker.java:203)
	at org.testng.internal.invokers.TestMethodWorker.invokeTestMethods(TestMethodWorker.java:154)
	at org.testng.internal.invokers.TestMethodWorker.run(TestMethodWorker.java:134)
	at java.base/java.util.ArrayList.forEach(ArrayList.java:1511)
	at org.testng.TestRunner.privateRun(TestRunner.java:739)
	at org.testng.TestRunner.run(TestRunner.java:614)
	at org.testng.SuiteRunner.runTest(SuiteRunner.java:421)
	at org.testng.SuiteRunner.runSequentially(SuiteRunner.java:413)
	at org.testng.SuiteRunner.privateRun(SuiteRunner.java:373)
	at org.testng.SuiteRunner.run(SuiteRunner.java:312)
	at org.testng.SuiteRunnerWorker.runSuite(SuiteRunnerWorker.java:52)
	at org.testng.SuiteRunnerWorker.run(SuiteRunnerWorker.java:95)
	at org.testng.TestNG.runSuitesSequentially(TestNG.java:1274)
	at org.testng.TestNG.runSuitesLocally(TestNG.java:1208)
	at org.testng.TestNG.runSuites(TestNG.java:1112)
	at org.testng.TestNG.run(TestNG.java:1079)
	at org.apache.maven.surefire.testng.TestNGExecutor.run(TestNGExecutor.java:155)
	at org.apache.maven.surefire.testng.TestNGDirectoryTestSuite.executeSingleClass(TestNGDirectoryTestSuite.java:102)
	at org.apache.maven.surefire.testng.TestNGDirectoryTestSuite.execute(TestNGDirectoryTestSuite.java:91)
	at org.apache.maven.surefire.testng.TestNGProvider.invoke(TestNGProvider.java:137)
	at org.apache.maven.surefire.booter.ForkedBooter.runSuitesInProcess(ForkedBooter.java:385)
	at org.apache.maven.surefire.booter.ForkedBooter.execute(ForkedBooter.java:162)
	at org.apache.maven.surefire.booter.ForkedBooter.run(ForkedBooter.java:507)
	at org.apache.maven.surefire.booter.ForkedBooter.main(ForkedBooter.java:495)
Caused by: com.microsoft.playwright.impl.DriverException: Error {
  message='TypeError: document.querySelectorAll(...).filter is not a function
    at eval (eval at evaluate (:302:30), <anonymous>:1:133)
    at eval (eval at evaluate (:302:30), <anonymous>:1:779)
    at eval (<anonymous>)
    at UtilityScript.evaluate (<anonymous>:302:30)
    at UtilityScript.<anonymous> (<anonymous>:1:44)
  name='Error
  stack='Error: TypeError: document.querySelectorAll(...).filter is not a function
    at eval (eval at evaluate (:302:30), <anonymous>:1:133)
    at eval (eval at evaluate (:302:30), <anonymous>:1:779)
    at eval (<anonymous>)
    at UtilityScript.evaluate (<anonymous>:302:30)
    at UtilityScript.<anonymous> (<anonymous>:1:44)
    at CRExecutionContext.evaluateWithArguments (C:\Users\DELL\AppData\Local\Temp\playwright-java-110342805030119546\package\lib\server\chromium\crExecutionContext.js:80:13)
    at async LongStandingScope._race (C:\Users\DELL\AppData\Local\Temp\playwright-java-110342805030119546\package\lib\utils\isomorphic\manualPromise.js:94:14)
    at async Object.evaluateExpression (C:\Users\DELL\AppData\Local\Temp\playwright-java-110342805030119546\package\lib\server\javascript.js:217:12)
    at async Frame.evaluateExpression (C:\Users\DELL\AppData\Local\Temp\playwright-java-110342805030119546\package\lib\server\frames.js:598:19)
    at async FrameDispatcher.evaluateExpression (C:\Users\DELL\AppData\Local\Temp\playwright-java-110342805030119546\package\lib\server\dispatchers\frameDispatcher.js:76:68)
    at async ProgressController.run (C:\Users\DELL\AppData\Local\Temp\playwright-java-110342805030119546\package\lib\server\progress.js:104:22)
    at async FrameDispatcher._runCommand (C:\Users\DELL\AppData\Local\Temp\playwright-java-110342805030119546\package\lib\server\dispatchers\dispatcher.js:91:14)
    at async DispatcherConnection.dispatch (C:\Users\DELL\AppData\Local\Temp\playwright-java-110342805030119546\package\lib\server\dispatchers\dispatcher.js:325:22)
}
	at com.microsoft.playwright.impl.Connection.dispatch(Connection.java:262)
	at com.microsoft.playwright.impl.Connection.processOneMessage(Connection.java:214)
	at com.microsoft.playwright.impl.ChannelOwner.runUntil(ChannelOwner.java:136)
	... 40 more
]]></failure>
    <system-out><![CDATA[Opening Cashback Home Page
--- STARTING TEST: Pending Tab Scroll & Sum Match ---
Dashboard 'Pending Payments' Card Header Status: $1.39
]]></system-out>
  </testcase>
  <testcase name="verifyConfirmedTabScrollsAndMatchesHeader" classname="tests.TotalEarningsTests" time="3.07">
    <failure message="Error {&#10;  message=&apos;TypeError: document.querySelectorAll(...).filter is not a function&#10;    at eval (eval at evaluate (:302:30), &lt;anonymous&gt;:1:135)&#10;    at eval (eval at evaluate (:302:30), &lt;anonymous&gt;:1:781)&#10;    at eval (&lt;anonymous&gt;)&#10;    at UtilityScript.evaluate (&lt;anonymous&gt;:302:30)&#10;    at UtilityScript.&lt;anonymous&gt; (&lt;anonymous&gt;:1:44)&#10;  name=&apos;Error&#10;  stack=&apos;Error: TypeError: document.querySelectorAll(...).filter is not a function&#10;    at eval (eval at evaluate (:302:30), &lt;anonymous&gt;:1:135)&#10;    at eval (eval at evaluate (:302:30), &lt;anonymous&gt;:1:781)&#10;    at eval (&lt;anonymous&gt;)&#10;    at UtilityScript.evaluate (&lt;anonymous&gt;:302:30)&#10;    at UtilityScript.&lt;anonymous&gt; (&lt;anonymous&gt;:1:44)&#10;    at CRExecutionContext.evaluateWithArguments (C:\Users\DELL\AppData\Local\Temp\playwright-java-110342805030119546\package\lib\server\chromium\crExecutionContext.js:80:13)&#10;    at async LongStandingScope._race (C:\Users\DELL\AppData\Local\Temp\playwright-java-110342805030119546\package\lib\utils\isomorphic\manualPromise.js:94:14)&#10;    at async Object.evaluateExpression (C:\Users\DELL\AppData\Local\Temp\playwright-java-110342805030119546\package\lib\server\javascript.js:217:12)&#10;    at async Frame.evaluateExpression (C:\Users\DELL\AppData\Local\Temp\playwright-java-110342805030119546\package\lib\server\frames.js:598:19)&#10;    at async FrameDispatcher.evaluateExpression (C:\Users\DELL\AppData\Local\Temp\playwright-java-110342805030119546\package\lib\server\dispatchers\frameDispatcher.js:76:68)&#10;    at async ProgressController.run (C:\Users\DELL\AppData\Local\Temp\playwright-java-110342805030119546\package\lib\server\progress.js:104:22)&#10;    at async FrameDispatcher._runCommand (C:\Users\DELL\AppData\Local\Temp\playwright-java-110342805030119546\package\lib\server\dispatchers\dispatcher.js:91:14)&#10;    at async DispatcherConnection.dispatch (C:\Users\DELL\AppData\Local\Temp\playwright-java-110342805030119546\package\lib\server\dispatchers\dispatcher.js:325:22)&#10;}" type="com.microsoft.playwright.PlaywrightException"><![CDATA[com.microsoft.playwright.PlaywrightException: 
Error {
  message='TypeError: document.querySelectorAll(...).filter is not a function
    at eval (eval at evaluate (:302:30), <anonymous>:1:135)
    at eval (eval at evaluate (:302:30), <anonymous>:1:781)
    at eval (<anonymous>)
    at UtilityScript.evaluate (<anonymous>:302:30)
    at UtilityScript.<anonymous> (<anonymous>:1:44)
  name='Error
  stack='Error: TypeError: document.querySelectorAll(...).filter is not a function
    at eval (eval at evaluate (:302:30), <anonymous>:1:135)
    at eval (eval at evaluate (:302:30), <anonymous>:1:781)
    at eval (<anonymous>)
    at UtilityScript.evaluate (<anonymous>:302:30)
    at UtilityScript.<anonymous> (<anonymous>:1:44)
    at CRExecutionContext.evaluateWithArguments (C:\Users\DELL\AppData\Local\Temp\playwright-java-110342805030119546\package\lib\server\chromium\crExecutionContext.js:80:13)
    at async LongStandingScope._race (C:\Users\DELL\AppData\Local\Temp\playwright-java-110342805030119546\package\lib\utils\isomorphic\manualPromise.js:94:14)
    at async Object.evaluateExpression (C:\Users\DELL\AppData\Local\Temp\playwright-java-110342805030119546\package\lib\server\javascript.js:217:12)
    at async Frame.evaluateExpression (C:\Users\DELL\AppData\Local\Temp\playwright-java-110342805030119546\package\lib\server\frames.js:598:19)
    at async FrameDispatcher.evaluateExpression (C:\Users\DELL\AppData\Local\Temp\playwright-java-110342805030119546\package\lib\server\dispatchers\frameDispatcher.js:76:68)
    at async ProgressController.run (C:\Users\DELL\AppData\Local\Temp\playwright-java-110342805030119546\package\lib\server\progress.js:104:22)
    at async FrameDispatcher._runCommand (C:\Users\DELL\AppData\Local\Temp\playwright-java-110342805030119546\package\lib\server\dispatchers\dispatcher.js:91:14)
    at async DispatcherConnection.dispatch (C:\Users\DELL\AppData\Local\Temp\playwright-java-110342805030119546\package\lib\server\dispatchers\dispatcher.js:325:22)
}
	at com.microsoft.playwright.impl.WaitableResult.get(WaitableResult.java:56)
	at com.microsoft.playwright.impl.ChannelOwner.runUntil(ChannelOwner.java:138)
	at com.microsoft.playwright.impl.Connection.sendMessage(Connection.java:131)
	at com.microsoft.playwright.impl.ChannelOwner.sendMessage(ChannelOwner.java:124)
	at com.microsoft.playwright.impl.FrameImpl.evaluate(FrameImpl.java:287)
	at com.microsoft.playwright.impl.PageImpl.evaluate(PageImpl.java:747)
	at com.microsoft.playwright.Page.evaluate(Page.java:4512)
	at pages.TotalEarningsPage.getVisibleCashbackValues(TotalEarningsPage.java:88)
	at tests.TotalEarningsTests.verifyConfirmedTabScrollsAndMatchesHeader(TotalEarningsTests.java:59)
	at java.base/jdk.internal.reflect.NativeMethodAccessorImpl.invoke0(Native Method)
	at java.base/jdk.internal.reflect.NativeMethodAccessorImpl.invoke(NativeMethodAccessorImpl.java:77)
	at java.base/jdk.internal.reflect.DelegatingMethodAccessorImpl.invoke(DelegatingMethodAccessorImpl.java:43)
	at java.base/java.lang.reflect.Method.invoke(Method.java:569)
	at org.testng.internal.invokers.MethodInvocationHelper.invokeMethod(MethodInvocationHelper.java:141)
	at org.testng.internal.invokers.TestInvoker.invokeMethod(TestInvoker.java:686)
	at org.testng.internal.invokers.TestInvoker.invokeTestMethod(TestInvoker.java:230)
	at org.testng.internal.invokers.MethodRunner.runInSequence(MethodRunner.java:63)
	at org.testng.internal.invokers.TestInvoker$MethodInvocationAgent.invoke(TestInvoker.java:992)
	at org.testng.internal.invokers.TestInvoker.invokeTestMethods(TestInvoker.java:203)
	at org.testng.internal.invokers.TestMethodWorker.invokeTestMethods(TestMethodWorker.java:154)
	at org.testng.internal.invokers.TestMethodWorker.run(TestMethodWorker.java:134)
	at java.base/java.util.ArrayList.forEach(ArrayList.java:1511)
	at org.testng.TestRunner.privateRun(TestRunner.java:739)
	at org.testng.TestRunner.run(TestRunner.java:614)
	at org.testng.SuiteRunner.runTest(SuiteRunner.java:421)
	at org.testng.SuiteRunner.runSequentially(SuiteRunner.java:413)
	at org.testng.SuiteRunner.privateRun(SuiteRunner.java:373)
	at org.testng.SuiteRunner.run(SuiteRunner.java:312)
	at org.testng.SuiteRunnerWorker.runSuite(SuiteRunnerWorker.java:52)
	at org.testng.SuiteRunnerWorker.run(SuiteRunnerWorker.java:95)
	at org.testng.TestNG.runSuitesSequentially(TestNG.java:1274)
	at org.testng.TestNG.runSuitesLocally(TestNG.java:1208)
	at org.testng.TestNG.runSuites(TestNG.java:1112)
	at org.testng.TestNG.run(TestNG.java:1079)
	at org.apache.maven.surefire.testng.TestNGExecutor.run(TestNGExecutor.java:155)
	at org.apache.maven.surefire.testng.TestNGDirectoryTestSuite.executeSingleClass(TestNGDirectoryTestSuite.java:102)
	at org.apache.maven.surefire.testng.TestNGDirectoryTestSuite.execute(TestNGDirectoryTestSuite.java:91)
	at org.apache.maven.surefire.testng.TestNGProvider.invoke(TestNGProvider.java:137)
	at org.apache.maven.surefire.booter.ForkedBooter.runSuitesInProcess(ForkedBooter.java:385)
	at org.apache.maven.surefire.booter.ForkedBooter.execute(ForkedBooter.java:162)
	at org.apache.maven.surefire.booter.ForkedBooter.run(ForkedBooter.java:507)
	at org.apache.maven.surefire.booter.ForkedBooter.main(ForkedBooter.java:495)
Caused by: com.microsoft.playwright.impl.DriverException: Error {
  message='TypeError: document.querySelectorAll(...).filter is not a function
    at eval (eval at evaluate (:302:30), <anonymous>:1:135)
    at eval (eval at evaluate (:302:30), <anonymous>:1:781)
    at eval (<anonymous>)
    at UtilityScript.evaluate (<anonymous>:302:30)
    at UtilityScript.<anonymous> (<anonymous>:1:44)
  name='Error
  stack='Error: TypeError: document.querySelectorAll(...).filter is not a function
    at eval (eval at evaluate (:302:30), <anonymous>:1:135)
    at eval (eval at evaluate (:302:30), <anonymous>:1:781)
    at eval (<anonymous>)
    at UtilityScript.evaluate (<anonymous>:302:30)
    at UtilityScript.<anonymous> (<anonymous>:1:44)
    at CRExecutionContext.evaluateWithArguments (C:\Users\DELL\AppData\Local\Temp\playwright-java-110342805030119546\package\lib\server\chromium\crExecutionContext.js:80:13)
    at async LongStandingScope._race (C:\Users\DELL\AppData\Local\Temp\playwright-java-110342805030119546\package\lib\utils\isomorphic\manualPromise.js:94:14)
    at async Object.evaluateExpression (C:\Users\DELL\AppData\Local\Temp\playwright-java-110342805030119546\package\lib\server\javascript.js:217:12)
    at async Frame.evaluateExpression (C:\Users\DELL\AppData\Local\Temp\playwright-java-110342805030119546\package\lib\server\frames.js:598:19)
    at async FrameDispatcher.evaluateExpression (C:\Users\DELL\AppData\Local\Temp\playwright-java-110342805030119546\package\lib\server\dispatchers\frameDispatcher.js:76:68)
    at async ProgressController.run (C:\Users\DELL\AppData\Local\Temp\playwright-java-110342805030119546\package\lib\server\progress.js:104:22)
    at async FrameDispatcher._runCommand (C:\Users\DELL\AppData\Local\Temp\playwright-java-110342805030119546\package\lib\server\dispatchers\dispatcher.js:91:14)
    at async DispatcherConnection.dispatch (C:\Users\DELL\AppData\Local\Temp\playwright-java-110342805030119546\package\lib\server\dispatchers\dispatcher.js:325:22)
}
	at com.microsoft.playwright.impl.Connection.dispatch(Connection.java:262)
	at com.microsoft.playwright.impl.Connection.processOneMessage(Connection.java:214)
	at com.microsoft.playwright.impl.ChannelOwner.runUntil(ChannelOwner.java:136)
	... 40 more
]]></failure>
    <system-out><![CDATA[Opening Cashback Home Page
--- STARTING TEST: Confirmed Tab Scroll & Sum Match ---
Dashboard 'My Earnings' Card Header Status: $14.44
]]></system-out>
  </testcase>
  <testcase name="verifyDeclinedTabScrolls" classname="tests.TotalEarningsTests" time="3.886">
    <system-out><![CDATA[Opening Cashback Home Page
--- STARTING TEST: Declined Tab Scroll Check ---
--- TEST PASSED: Declined Tab Scroll Check ---

]]></system-out>
  </testcase>
  <testcase name="verifyTotalEarningsHeaderFormula" classname="tests.TotalEarningsTests" time="1.163">
    <system-out><![CDATA[Opening Cashback Home Page
--- STARTING TEST: Total Earnings Header Formula ---
Header Formula Verification:
 -> My Earnings (Confirmed) Header : $14.44
 -> Pending Payments Header        : $1.39
 -> Expected Combined Aggregation  : $15.83
 -> UI Reported Total Earnings     : $15.83
--- TEST PASSED: Total Earnings Header Formula ---

]]></system-out>
  </testcase>
</testsuite>