<?xml version="1.0" encoding="UTF-8"?>
<testng-results ignored="0" total="1" passed="1" failed="0" skipped="0">
  <reporter-output>
  </reporter-output>
  <suite started-at="2026-05-05T17:58:12 IST" name="Suite" finished-at="2026-05-05T17:58:13 IST" duration-ms="537">
    <groups>
    </groups>
    <test started-at="2026-05-05T17:58:12 IST" name="Test" finished-at="2026-05-05T17:58:13 IST" duration-ms="537">
      <class name="com.santabrowser.cashback.CashbackFlowTest">
        <test-method signature="opencashbackHomePage()[pri:0, instance:com.santabrowser.cashback.CashbackFlowTest@4ae263bf]" started-at="2026-05-05T17:58:12 IST" name="opencashbackHomePage" finished-at="2026-05-05T17:58:13 IST" duration-ms="152" status="PASS">
          <reporter-output>
          </reporter-output>
        </test-method> <!-- opencashbackHomePage -->
      </class> <!-- com.santabrowser.cashback.CashbackFlowTest -->
    </test> <!-- Test -->
  </suite> <!-- Suite -->
</testng-results>
