<?xml version="1.0" encoding="UTF-8"?>
<!-- Generated by org.testng.reporters.JUnitReportReporter -->
<testsuite hostname="DESKTOP-V3A3URT" failures="0" tests="6" name="tests.AllCategoriesTest" time="72.840" errors="0" timestamp="2026-07-13T15:56:38 IST" skipped="0">
  <testcase classname="tests.AllCategoriesTest" name="verifyCashbackFilterTest_004" time="6.186"/>
  <testcase classname="tests.AllCategoriesTest" name="clickonsearchresult__006" time="9.556"/>
  <testcase classname="tests.AllCategoriesTest" name="verifyActivateCashbackReflectsInClicksTest_005" time="11.772"/>
  <testcase classname="tests.AllCategoriesTest" name="verifyRandomInvalidCampaignSearchTest_002" time="4.496"/>
  <testcase classname="tests.AllCategoriesTest" name="verifyAZFilterTest_003" time="32.463"/>
  <testcase classname="tests.AllCategoriesTest" name="verifyRandomCampaignSearchTest_001" time="8.367"/>
</testsuite> <!-- tests.AllCategoriesTest -->
