<?xml version="1.0" encoding="UTF-8"?>
<!-- Generated by org.testng.reporters.JUnitReportReporter -->
<testsuite hostname="DESKTOP-V3A3URT" failures="0" tests="5" name="tests.HomePageTests" time="86.345" errors="0" timestamp="2026-07-07T14:24:03 IST" skipped="0">
  <testcase classname="tests.HomePageTests" name="VerifyCountryFilterCampaignsTest_004" time="8.434"/>
  <testcase classname="tests.HomePageTests" name="IterateCategoriesAndCheckCampaignsTest_002" time="19.295"/>
  <testcase classname="tests.HomePageTests" name="VerifyCategoryFiltersTest_003" time="52.922"/>
  <testcase classname="tests.HomePageTests" name="OpenHomePageTest_001" time="1.082"/>
  <testcase classname="tests.HomePageTests" name="VerifyCategoriesMenuTest_005" time="4.612"/>
</testsuite> <!-- tests.HomePageTests -->
