<?xml version="1.0" encoding="UTF-8"?>
<!-- Generated by org.testng.reporters.JUnitReportReporter -->
<testsuite hostname="DESKTOP-V3A3URT" failures="0" tests="5" name="tests.HomePageTests" time="87.451" errors="0" timestamp="2026-07-13T15:56:38 IST" skipped="0">
  <testcase classname="tests.HomePageTests" name="VerifyCategoriesMenuTest_005" time="4.439"/>
  <testcase classname="tests.HomePageTests" name="IterateCategoriesAndCheckCampaignsTest_002" time="19.775"/>
  <testcase classname="tests.HomePageTests" name="VerifyCountryFilterCampaignsTest_004" time="8.239"/>
  <testcase classname="tests.HomePageTests" name="VerifyCategoryFiltersTest_003" time="53.887"/>
  <testcase classname="tests.HomePageTests" name="OpenHomePageTest_001" time="1.111"/>
</testsuite> <!-- tests.HomePageTests -->
