<?xml version="1.0" encoding="UTF-8"?>
<!-- Generated by org.testng.reporters.JUnitReportReporter -->
<testsuite hostname="DESKTOP-V3A3URT" failures="0" tests="6" name="tests.TotalEarningsTests" time="26.652" errors="0" timestamp="2026-07-13T15:56:38 IST" skipped="0">
  <testcase classname="tests.TotalEarningsTests" name="validateConfirmedCashbackAmount" time="5.467"/>
  <testcase classname="tests.TotalEarningsTests" name="validateRedeemRedirectBasedOnMyEarnings" time="3.740"/>
  <testcase classname="tests.TotalEarningsTests" name="validate_TotalEarnings" time="2.206"/>
  <testcase classname="tests.TotalEarningsTests" name="validatePendingCashbackAmount" time="5.459"/>
  <testcase classname="tests.TotalEarningsTests" name="validateClicksTab" time="4.501"/>
  <testcase classname="tests.TotalEarningsTests" name="validateDeclinedCashbackHistory" time="5.279"/>
</testsuite> <!-- tests.TotalEarningsTests -->
