<?xml version="1.0" encoding="UTF-8"?>
<!-- Generated by org.testng.reporters.JUnitReportReporter -->
<testsuite hostname="DESKTOP-V3A3URT" failures="0" tests="6" name="tests.TotalEarningsTests" time="24.451" errors="0" timestamp="2026-07-07T14:24:03 IST" skipped="0">
  <testcase classname="tests.TotalEarningsTests" name="validate_TotalEarnings" time="2.588"/>
  <testcase classname="tests.TotalEarningsTests" name="validateDeclinedCashbackHistory" time="5.305"/>
  <testcase classname="tests.TotalEarningsTests" name="validateRedeemRedirectBasedOnMyEarnings" time="3.349"/>
  <testcase classname="tests.TotalEarningsTests" name="validateClicksTab" time="4.549"/>
  <testcase classname="tests.TotalEarningsTests" name="validateConfirmedCashbackAmount" time="4.378"/>
  <testcase classname="tests.TotalEarningsTests" name="validatePendingCashbackAmount" time="4.282"/>
</testsuite> <!-- tests.TotalEarningsTests -->
