<?xml version="1.0" encoding="UTF-8"?>
<!-- Generated by org.testng.reporters.JUnitReportReporter -->
<testsuite hostname="DESKTOP-V3A3URT" failures="0" tests="6" name="tests.AllCategoriesTest" time="70.316" errors="0" timestamp="2026-07-06T17:44:42 IST" skipped="0">
  <testcase classname="tests.AllCategoriesTest" name="verifyAZFilterTest_003" time="31.878"/>
  <testcase classname="tests.AllCategoriesTest" name="verifyActivateCashbackReflectsInClicksTest_005" time="10.710"/>
  <testcase classname="tests.AllCategoriesTest" name="verifyRandomCampaignSearchTest_001" time="8.100"/>
  <testcase classname="tests.AllCategoriesTest" name="verifyRandomInvalidCampaignSearchTest_002" time="4.563"/>
  <testcase classname="tests.AllCategoriesTest" name="verifyCashbackFilterTest_004" time="5.718"/>
  <testcase classname="tests.AllCategoriesTest" name="clickonsearchresult__006" time="9.347"/>
</testsuite> <!-- tests.AllCategoriesTest -->
